#
# There is insufficient memory for the Java Runtime Environment to continue.
# Native memory allocation (malloc) failed to allocate 32744 bytes for ChunkPool::allocate
# Possible reasons:
#   The system is out of physical RAM or swap space
#   The process is running with CompressedOops enabled, and the Java Heap may be blocking the growth of the native heap
# Possible solutions:
#   Reduce memory load on the system
#   Increase physical memory or swap space
#   Check if swap backing store is full
#   Decrease Java heap size (-Xmx/-Xms)
#   Decrease number of Java threads
#   Decrease Java thread stack sizes (-Xss)
#   Set larger code cache with -XX:ReservedCodeCacheSize=
#   JVM is running with Unscaled Compressed Oops mode in which the Java heap is
#     placed in the first 4GB address space. The Java Heap base address is the
#     maximum limit for the native heap growth. Please use -XX:HeapBaseMinAddress
#     to set the Java Heap base and to place the Java Heap above 4GB virtual address.
# This output file may be truncated or incomplete.
#
#  Out of Memory Error (./src/hotspot/share/memory/arena.cpp:81), pid=33716, tid=35240
#
# JRE version: OpenJDK Runtime Environment (11.0.12+7) (build 11.0.12+7-b1504.28-7817840)
# Java VM: OpenJDK 64-Bit Server VM (11.0.12+7-b1504.28-7817840, mixed mode, tiered, compressed oops, g1 gc, windows-amd64)
# No core dump will be written. Minidumps are not enabled by default on client versions of Windows
#

---------------  S U M M A R Y ------------

Command Line: org.jetbrains.kotlin.cli.jvm.K2JVMCompiler @C:\Users\Novita Azka Maghfira\ukk\app\build\20231005_772789995447247184.compiler.options

Host: AMD Ryzen 7 5800H with Radeon Graphics         , 16 cores, 7G,  Windows 10 , 64 bit Build 22621 (10.0.22621.2215)
Time: Thu Oct  5 14:11:55 2023 SE Asia Standard Time elapsed time: 2.844426 seconds (0d 0h 0m 2s)

---------------  T H R E A D  ---------------

Current thread (0x0000021814bcc000):  JavaThread "C2 CompilerThread0" daemon [_thread_in_native, id=35240, stack(0x000000c52ac00000,0x000000c52ad00000)]


Current CompileTask:
C2:   2844 3380       4       java.lang.ClassLoader::loadClass (7 bytes)

Stack: [0x000000c52ac00000,0x000000c52ad00000]
Native frames: (J=compiled Java code, j=interpreted, Vv=VM code, C=native code)
V  [jvm.dll+0x5fbcea]
V  [jvm.dll+0x731905]
V  [jvm.dll+0x732f1d]
V  [jvm.dll+0x7335d3]
V  [jvm.dll+0x247bf8]
V  [jvm.dll+0xc041b]
V  [jvm.dll+0xc06cc]
V  [jvm.dll+0x36071c]
V  [jvm.dll+0x4f5bce]
V  [jvm.dll+0x4f4fe3]
V  [jvm.dll+0x4f57b6]
V  [jvm.dll+0x328832]
V  [jvm.dll+0x327cfa]
V  [jvm.dll+0x200602]
V  [jvm.dll+0x1ff794]
V  [jvm.dll+0x18868c]
V  [jvm.dll+0x20e0d7]
V  [jvm.dll+0x20c901]
V  [jvm.dll+0x6f9b7f]
V  [jvm.dll+0x6f26a5]
V  [jvm.dll+0x5fabf6]
C  [ucrtbase.dll+0x29363]
C  [KERNEL32.DLL+0x1257d]
C  [ntdll.dll+0x5aa68]


---------------  P R O C E S S  ---------------

Threads class SMR info:
_java_thread_list=0x000002181687da50, length=14, elements={
0x0000021879899800, 0x0000021814b69000, 0x0000021814b74000, 0x0000021814bc6800,
0x0000021814bc7800, 0x0000021814bc9000, 0x0000021814bcc000, 0x0000021814bcd000,
0x0000021814bcf000, 0x0000021814c4e000, 0x0000021814d63800, 0x0000021814d5e000,
0x00000218152b2000, 0x000002181531a800
}

Java Threads: ( => current thread )
  0x0000021879899800 JavaThread "main" [_thread_in_native, id=4636, stack(0x000000c52a000000,0x000000c52a100000)]
  0x0000021814b69000 JavaThread "Reference Handler" daemon [_thread_blocked, id=22208, stack(0x000000c52a700000,0x000000c52a800000)]
  0x0000021814b74000 JavaThread "Finalizer" daemon [_thread_blocked, id=2396, stack(0x000000c52a800000,0x000000c52a900000)]
  0x0000021814bc6800 JavaThread "Signal Dispatcher" daemon [_thread_blocked, id=34208, stack(0x000000c52a900000,0x000000c52aa00000)]
  0x0000021814bc7800 JavaThread "Attach Listener" daemon [_thread_blocked, id=34912, stack(0x000000c52aa00000,0x000000c52ab00000)]
  0x0000021814bc9000 JavaThread "Service Thread" daemon [_thread_blocked, id=35348, stack(0x000000c52ab00000,0x000000c52ac00000)]
=>0x0000021814bcc000 JavaThread "C2 CompilerThread0" daemon [_thread_in_native, id=35240, stack(0x000000c52ac00000,0x000000c52ad00000)]
  0x0000021814bcd000 JavaThread "C1 CompilerThread0" daemon [_thread_blocked, id=35744, stack(0x000000c52ad00000,0x000000c52ae00000)]
  0x0000021814bcf000 JavaThread "Sweeper thread" daemon [_thread_blocked, id=35736, stack(0x000000c52ae00000,0x000000c52af00000)]
  0x0000021814c4e000 JavaThread "C1 CompilerThread1" daemon [_thread_blocked, id=31396, stack(0x000000c52af00000,0x000000c52b000000)]
  0x0000021814d63800 JavaThread "Common-Cleaner" daemon [_thread_blocked, id=10220, stack(0x000000c52b100000,0x000000c52b200000)]
  0x0000021814d5e000 JavaThread "C2 CompilerThread1" daemon [_thread_in_native, id=18316, stack(0x000000c52b200000,0x000000c52b300000)]
  0x00000218152b2000 JavaThread "C1 CompilerThread2" daemon [_thread_blocked, id=35280, stack(0x000000c52b500000,0x000000c52b600000)]
  0x000002181531a800 JavaThread "C1 CompilerThread3" daemon [_thread_blocked, id=34996, stack(0x000000c52b600000,0x000000c52b700000)]

Other Threads:
  0x0000021814b62800 VMThread "VM Thread" [stack: 0x000000c52a600000,0x000000c52a700000] [id=26848]
  0x0000021814d4b000 WatcherThread [stack: 0x000000c52b000000,0x000000c52b100000] [id=19488]
  0x00000218798b0800 GCTaskThread "GC Thread#0" [stack: 0x000000c52a100000,0x000000c52a200000] [id=25340]
  0x00000218154ef800 GCTaskThread "GC Thread#1" [stack: 0x000000c52b400000,0x000000c52b500000] [id=32728]
  0x00000218798e0000 ConcurrentGCThread "G1 Main Marker" [stack: 0x000000c52a200000,0x000000c52a300000] [id=30376]
  0x00000218798e1800 ConcurrentGCThread "G1 Conc#0" [stack: 0x000000c52a300000,0x000000c52a400000] [id=35708]
  0x0000021816799800 ConcurrentGCThread "G1 Conc#1" [stack: 0x000000c52b700000,0x000000c52b800000] [id=14888]
  0x00000218167b7000 ConcurrentGCThread "G1 Conc#2" [stack: 0x000000c52b800000,0x000000c52b900000] [id=8776]
  0x000002187f60d800 ConcurrentGCThread "G1 Refine#0" [stack: 0x000000c52a400000,0x000000c52a500000] [id=29156]
  0x000002187f60e800 ConcurrentGCThread "G1 Young RemSet Sampling" [stack: 0x000000c52a500000,0x000000c52a600000] [id=2140]

Threads with active compile tasks:
C2 CompilerThread0   2858 3380       4       java.lang.ClassLoader::loadClass (7 bytes)
C2 CompilerThread1   2858 3412       4       jdk.internal.loader.ClassLoaders$AppClassLoader::loadClass (40 bytes)

VM state:not at safepoint (normal execution)

VM Mutex/Monitor currently owned by a thread: None

Heap address: 0x0000000089600000, size: 1898 MB, Compressed Oops mode: 32-bit
Narrow klass base: 0x0000000000000000, Narrow klass shift: 3
Compressed class space size: 1073741824 Address: 0x0000000100000000

Heap:
 garbage-first heap   total 162816K, used 33713K [0x0000000089600000, 0x0000000100000000)
  region size 1024K, 15 young (15360K), 5 survivors (5120K)
 Metaspace       used 45960K, capacity 46426K, committed 46592K, reserved 1089536K
  class space    used 5422K, capacity 5605K, committed 5632K, reserved 1048576K
Heap Regions: E=young(eden), S=young(survivor), O=old, HS=humongous(starts), HC=humongous(continues), CS=collection set, F=free, A=archive, TAMS=top-at-mark-start (previous, next)
|   0|0x0000000089600000, 0x0000000089700000, 0x0000000089700000|100%|HS|  |TAMS 0x0000000089700000, 0x0000000089600000| Complete 
|   1|0x0000000089700000, 0x0000000089800000, 0x0000000089800000|100%|HC|  |TAMS 0x0000000089800000, 0x0000000089700000| Complete 
|   2|0x0000000089800000, 0x0000000089900000, 0x0000000089900000|100%|HC|  |TAMS 0x0000000089900000, 0x0000000089800000| Complete 
|   3|0x0000000089900000, 0x0000000089a00000, 0x0000000089a00000|100%| O|  |TAMS 0x0000000089a00000, 0x0000000089900000| Untracked 
|   4|0x0000000089a00000, 0x0000000089b00000, 0x0000000089b00000|100%| O|  |TAMS 0x0000000089b00000, 0x0000000089a00000| Untracked 
|   5|0x0000000089b00000, 0x0000000089c00000, 0x0000000089c00000|100%|HS|  |TAMS 0x0000000089c00000, 0x0000000089b00000| Complete 
|   6|0x0000000089c00000, 0x0000000089d00000, 0x0000000089d00000|100%|HC|  |TAMS 0x0000000089d00000, 0x0000000089c00000| Complete 
|   7|0x0000000089d00000, 0x0000000089e00000, 0x0000000089e00000|100%|HC|  |TAMS 0x0000000089e00000, 0x0000000089d00000| Complete 
|   8|0x0000000089e00000, 0x0000000089e00000, 0x0000000089f00000|  0%| F|  |TAMS 0x0000000089e00000, 0x0000000089e00000| Untracked 
|   9|0x0000000089f00000, 0x0000000089f00000, 0x000000008a000000|  0%| F|  |TAMS 0x0000000089f00000, 0x0000000089f00000| Untracked 
|  10|0x000000008a000000, 0x000000008a100000, 0x000000008a100000|100%| O|  |TAMS 0x000000008a100000, 0x000000008a000000| Untracked 
|  11|0x000000008a100000, 0x000000008a200000, 0x000000008a200000|100%| O|  |TAMS 0x000000008a200000, 0x000000008a100000| Untracked 
|  12|0x000000008a200000, 0x000000008a300000, 0x000000008a300000|100%| O|  |TAMS 0x000000008a300000, 0x000000008a200000| Untracked 
|  13|0x000000008a300000, 0x000000008a400000, 0x000000008a400000|100%| O|  |TAMS 0x000000008a400000, 0x000000008a300000| Untracked 
|  14|0x000000008a400000, 0x000000008a500000, 0x000000008a500000|100%| O|  |TAMS 0x000000008a500000, 0x000000008a400000| Untracked 
|  15|0x000000008a500000, 0x000000008a600000, 0x000000008a600000|100%| O|  |TAMS 0x000000008a600000, 0x000000008a500000| Untracked 
|  16|0x000000008a600000, 0x000000008a700000, 0x000000008a700000|100%| O|  |TAMS 0x000000008a700000, 0x000000008a600000| Untracked 
|  17|0x000000008a700000, 0x000000008a800000, 0x000000008a800000|100%| O|  |TAMS 0x000000008a800000, 0x000000008a700000| Untracked 
|  18|0x000000008a800000, 0x000000008a900000, 0x000000008a900000|100%| O|  |TAMS 0x000000008a900000, 0x000000008a800000| Untracked 
|  19|0x000000008a900000, 0x000000008aa00000, 0x000000008aa00000|100%| O|  |TAMS 0x000000008aa00000, 0x000000008a900000| Untracked 
|  20|0x000000008aa00000, 0x000000008aaec400, 0x000000008ab00000| 92%| O|  |TAMS 0x000000008aaec400, 0x000000008aa00000| Untracked 
|  21|0x000000008ab00000, 0x000000008ab00000, 0x000000008ac00000|  0%| F|  |TAMS 0x000000008ab00000, 0x000000008ab00000| Untracked 
|  22|0x000000008ac00000, 0x000000008ac00000, 0x000000008ad00000|  0%| F|  |TAMS 0x000000008ac00000, 0x000000008ac00000| Untracked 
|  23|0x000000008ad00000, 0x000000008ad00000, 0x000000008ae00000|  0%| F|  |TAMS 0x000000008ad00000, 0x000000008ad00000| Untracked 
|  24|0x000000008ae00000, 0x000000008ae00000, 0x000000008af00000|  0%| F|  |TAMS 0x000000008ae00000, 0x000000008ae00000| Untracked 
|  25|0x000000008af00000, 0x000000008af00000, 0x000000008b000000|  0%| F|  |TAMS 0x000000008af00000, 0x000000008af00000| Untracked 
|  26|0x000000008b000000, 0x000000008b000000, 0x000000008b100000|  0%| F|  |TAMS 0x000000008b000000, 0x000000008b000000| Untracked 
|  27|0x000000008b100000, 0x000000008b100000, 0x000000008b200000|  0%| F|  |TAMS 0x000000008b100000, 0x000000008b100000| Untracked 
|  28|0x000000008b200000, 0x000000008b200000, 0x000000008b300000|  0%| F|  |TAMS 0x000000008b200000, 0x000000008b200000| Untracked 
|  29|0x000000008b300000, 0x000000008b300000, 0x000000008b400000|  0%| F|  |TAMS 0x000000008b300000, 0x000000008b300000| Untracked 
|  30|0x000000008b400000, 0x000000008b400000, 0x000000008b500000|  0%| F|  |TAMS 0x000000008b400000, 0x000000008b400000| Untracked 
|  31|0x000000008b500000, 0x000000008b500000, 0x000000008b600000|  0%| F|  |TAMS 0x000000008b500000, 0x000000008b500000| Untracked 
|  32|0x000000008b600000, 0x000000008b600000, 0x000000008b700000|  0%| F|  |TAMS 0x000000008b600000, 0x000000008b600000| Untracked 
|  33|0x000000008b700000, 0x000000008b700000, 0x000000008b800000|  0%| F|  |TAMS 0x000000008b700000, 0x000000008b700000| Untracked 
|  34|0x000000008b800000, 0x000000008b800000, 0x000000008b900000|  0%| F|  |TAMS 0x000000008b800000, 0x000000008b800000| Untracked 
|  35|0x000000008b900000, 0x000000008b900000, 0x000000008ba00000|  0%| F|  |TAMS 0x000000008b900000, 0x000000008b900000| Untracked 
|  36|0x000000008ba00000, 0x000000008ba00000, 0x000000008bb00000|  0%| F|  |TAMS 0x000000008ba00000, 0x000000008ba00000| Untracked 
|  37|0x000000008bb00000, 0x000000008bb00000, 0x000000008bc00000|  0%| F|  |TAMS 0x000000008bb00000, 0x000000008bb00000| Untracked 
|  38|0x000000008bc00000, 0x000000008bc00000, 0x000000008bd00000|  0%| F|  |TAMS 0x000000008bc00000, 0x000000008bc00000| Untracked 
|  39|0x000000008bd00000, 0x000000008bd00000, 0x000000008be00000|  0%| F|  |TAMS 0x000000008bd00000, 0x000000008bd00000| Untracked 
|  40|0x000000008be00000, 0x000000008be00000, 0x000000008bf00000|  0%| F|  |TAMS 0x000000008be00000, 0x000000008be00000| Untracked 
|  41|0x000000008bf00000, 0x000000008bf00000, 0x000000008c000000|  0%| F|  |TAMS 0x000000008bf00000, 0x000000008bf00000| Untracked 
|  42|0x000000008c000000, 0x000000008c000000, 0x000000008c100000|  0%| F|  |TAMS 0x000000008c000000, 0x000000008c000000| Untracked 
|  43|0x000000008c100000, 0x000000008c100000, 0x000000008c200000|  0%| F|  |TAMS 0x000000008c100000, 0x000000008c100000| Untracked 
|  44|0x000000008c200000, 0x000000008c200000, 0x000000008c300000|  0%| F|  |TAMS 0x000000008c200000, 0x000000008c200000| Untracked 
|  45|0x000000008c300000, 0x000000008c300000, 0x000000008c400000|  0%| F|  |TAMS 0x000000008c300000, 0x000000008c300000| Untracked 
|  46|0x000000008c400000, 0x000000008c400000, 0x000000008c500000|  0%| F|  |TAMS 0x000000008c400000, 0x000000008c400000| Untracked 
|  47|0x000000008c500000, 0x000000008c500000, 0x000000008c600000|  0%| F|  |TAMS 0x000000008c500000, 0x000000008c500000| Untracked 
|  48|0x000000008c600000, 0x000000008c600000, 0x000000008c700000|  0%| F|  |TAMS 0x000000008c600000, 0x000000008c600000| Untracked 
|  49|0x000000008c700000, 0x000000008c700000, 0x000000008c800000|  0%| F|  |TAMS 0x000000008c700000, 0x000000008c700000| Untracked 
|  50|0x000000008c800000, 0x000000008c800000, 0x000000008c900000|  0%| F|  |TAMS 0x000000008c800000, 0x000000008c800000| Untracked 
|  51|0x000000008c900000, 0x000000008c900000, 0x000000008ca00000|  0%| F|  |TAMS 0x000000008c900000, 0x000000008c900000| Untracked 
|  52|0x000000008ca00000, 0x000000008ca00000, 0x000000008cb00000|  0%| F|  |TAMS 0x000000008ca00000, 0x000000008ca00000| Untracked 
|  53|0x000000008cb00000, 0x000000008cb00000, 0x000000008cc00000|  0%| F|  |TAMS 0x000000008cb00000, 0x000000008cb00000| Untracked 
|  54|0x000000008cc00000, 0x000000008cc00000, 0x000000008cd00000|  0%| F|  |TAMS 0x000000008cc00000, 0x000000008cc00000| Untracked 
|  55|0x000000008cd00000, 0x000000008cd00000, 0x000000008ce00000|  0%| F|  |TAMS 0x000000008cd00000, 0x000000008cd00000| Untracked 
|  56|0x000000008ce00000, 0x000000008ce00000, 0x000000008cf00000|  0%| F|  |TAMS 0x000000008ce00000, 0x000000008ce00000| Untracked 
|  57|0x000000008cf00000, 0x000000008cf00000, 0x000000008d000000|  0%| F|  |TAMS 0x000000008cf00000, 0x000000008cf00000| Untracked 
|  58|0x000000008d000000, 0x000000008d000000, 0x000000008d100000|  0%| F|  |TAMS 0x000000008d000000, 0x000000008d000000| Untracked 
|  59|0x000000008d100000, 0x000000008d100000, 0x000000008d200000|  0%| F|  |TAMS 0x000000008d100000, 0x000000008d100000| Untracked 
|  60|0x000000008d200000, 0x000000008d200000, 0x000000008d300000|  0%| F|  |TAMS 0x000000008d200000, 0x000000008d200000| Untracked 
|  61|0x000000008d300000, 0x000000008d300000, 0x000000008d400000|  0%| F|  |TAMS 0x000000008d300000, 0x000000008d300000| Untracked 
|  62|0x000000008d400000, 0x000000008d400000, 0x000000008d500000|  0%| F|  |TAMS 0x000000008d400000, 0x000000008d400000| Untracked 
|  63|0x000000008d500000, 0x000000008d500000, 0x000000008d600000|  0%| F|  |TAMS 0x000000008d500000, 0x000000008d500000| Untracked 
|  64|0x000000008d600000, 0x000000008d600000, 0x000000008d700000|  0%| F|  |TAMS 0x000000008d600000, 0x000000008d600000| Untracked 
|  65|0x000000008d700000, 0x000000008d700000, 0x000000008d800000|  0%| F|  |TAMS 0x000000008d700000, 0x000000008d700000| Untracked 
|  66|0x000000008d800000, 0x000000008d800000, 0x000000008d900000|  0%| F|  |TAMS 0x000000008d800000, 0x000000008d800000| Untracked 
|  67|0x000000008d900000, 0x000000008d900000, 0x000000008da00000|  0%| F|  |TAMS 0x000000008d900000, 0x000000008d900000| Untracked 
|  68|0x000000008da00000, 0x000000008da00000, 0x000000008db00000|  0%| F|  |TAMS 0x000000008da00000, 0x000000008da00000| Untracked 
|  69|0x000000008db00000, 0x000000008db00000, 0x000000008dc00000|  0%| F|  |TAMS 0x000000008db00000, 0x000000008db00000| Untracked 
|  70|0x000000008dc00000, 0x000000008dc00000, 0x000000008dd00000|  0%| F|  |TAMS 0x000000008dc00000, 0x000000008dc00000| Untracked 
|  71|0x000000008dd00000, 0x000000008dd00000, 0x000000008de00000|  0%| F|  |TAMS 0x000000008dd00000, 0x000000008dd00000| Untracked 
|  72|0x000000008de00000, 0x000000008df00000, 0x000000008df00000|100%| S|CS|TAMS 0x000000008de00000, 0x000000008de00000| Complete 
|  73|0x000000008df00000, 0x000000008e000000, 0x000000008e000000|100%| S|CS|TAMS 0x000000008df00000, 0x000000008df00000| Complete 
|  74|0x000000008e000000, 0x000000008e100000, 0x000000008e100000|100%| S|CS|TAMS 0x000000008e000000, 0x000000008e000000| Complete 
|  75|0x000000008e100000, 0x000000008e200000, 0x000000008e200000|100%| S|CS|TAMS 0x000000008e100000, 0x000000008e100000| Complete 
|  76|0x000000008e200000, 0x000000008e300000, 0x000000008e300000|100%| S|CS|TAMS 0x000000008e200000, 0x000000008e200000| Complete 
|  77|0x000000008e300000, 0x000000008e300000, 0x000000008e400000|  0%| F|  |TAMS 0x000000008e300000, 0x000000008e300000| Untracked 
|  78|0x000000008e400000, 0x000000008e400000, 0x000000008e500000|  0%| F|  |TAMS 0x000000008e400000, 0x000000008e400000| Untracked 
|  79|0x000000008e500000, 0x000000008e500000, 0x000000008e600000|  0%| F|  |TAMS 0x000000008e500000, 0x000000008e500000| Untracked 
|  80|0x000000008e600000, 0x000000008e600000, 0x000000008e700000|  0%| F|  |TAMS 0x000000008e600000, 0x000000008e600000| Untracked 
|  81|0x000000008e700000, 0x000000008e700000, 0x000000008e800000|  0%| F|  |TAMS 0x000000008e700000, 0x000000008e700000| Untracked 
|  82|0x000000008e800000, 0x000000008e800000, 0x000000008e900000|  0%| F|  |TAMS 0x000000008e800000, 0x000000008e800000| Untracked 
|  83|0x000000008e900000, 0x000000008e900000, 0x000000008ea00000|  0%| F|  |TAMS 0x000000008e900000, 0x000000008e900000| Untracked 
|  84|0x000000008ea00000, 0x000000008ea00000, 0x000000008eb00000|  0%| F|  |TAMS 0x000000008ea00000, 0x000000008ea00000| Untracked 
|  85|0x000000008eb00000, 0x000000008eb00000, 0x000000008ec00000|  0%| F|  |TAMS 0x000000008eb00000, 0x000000008eb00000| Untracked 
|  86|0x000000008ec00000, 0x000000008ec00000, 0x000000008ed00000|  0%| F|  |TAMS 0x000000008ec00000, 0x000000008ec00000| Untracked 
|  87|0x000000008ed00000, 0x000000008ed00000, 0x000000008ee00000|  0%| F|  |TAMS 0x000000008ed00000, 0x000000008ed00000| Untracked 
|  88|0x000000008ee00000, 0x000000008ee00000, 0x000000008ef00000|  0%| F|  |TAMS 0x000000008ee00000, 0x000000008ee00000| Untracked 
|  89|0x000000008ef00000, 0x000000008ef00000, 0x000000008f000000|  0%| F|  |TAMS 0x000000008ef00000, 0x000000008ef00000| Untracked 
|  90|0x000000008f000000, 0x000000008f000000, 0x000000008f100000|  0%| F|  |TAMS 0x000000008f000000, 0x000000008f000000| Untracked 
|  91|0x000000008f100000, 0x000000008f100000, 0x000000008f200000|  0%| F|  |TAMS 0x000000008f100000, 0x000000008f100000| Untracked 
|  92|0x000000008f200000, 0x000000008f200000, 0x000000008f300000|  0%| F|  |TAMS 0x000000008f200000, 0x000000008f200000| Untracked 
|  93|0x000000008f300000, 0x000000008f300000, 0x000000008f400000|  0%| F|  |TAMS 0x000000008f300000, 0x000000008f300000| Untracked 
|  94|0x000000008f400000, 0x000000008f400000, 0x000000008f500000|  0%| F|  |TAMS 0x000000008f400000, 0x000000008f400000| Untracked 
|  95|0x000000008f500000, 0x000000008f500000, 0x000000008f600000|  0%| F|  |TAMS 0x000000008f500000, 0x000000008f500000| Untracked 
|  96|0x000000008f600000, 0x000000008f600000, 0x000000008f700000|  0%| F|  |TAMS 0x000000008f600000, 0x000000008f600000| Untracked 
|  97|0x000000008f700000, 0x000000008f700000, 0x000000008f800000|  0%| F|  |TAMS 0x000000008f700000, 0x000000008f700000| Untracked 
|  98|0x000000008f800000, 0x000000008f800000, 0x000000008f900000|  0%| F|  |TAMS 0x000000008f800000, 0x000000008f800000| Untracked 
|  99|0x000000008f900000, 0x000000008f900000, 0x000000008fa00000|  0%| F|  |TAMS 0x000000008f900000, 0x000000008f900000| Untracked 
| 100|0x000000008fa00000, 0x000000008fa00000, 0x000000008fb00000|  0%| F|  |TAMS 0x000000008fa00000, 0x000000008fa00000| Untracked 
| 101|0x000000008fb00000, 0x000000008fb00000, 0x000000008fc00000|  0%| F|  |TAMS 0x000000008fb00000, 0x000000008fb00000| Untracked 
| 102|0x000000008fc00000, 0x000000008fc00000, 0x000000008fd00000|  0%| F|  |TAMS 0x000000008fc00000, 0x000000008fc00000| Untracked 
| 103|0x000000008fd00000, 0x000000008fd00000, 0x000000008fe00000|  0%| F|  |TAMS 0x000000008fd00000, 0x000000008fd00000| Untracked 
| 104|0x000000008fe00000, 0x000000008fe00000, 0x000000008ff00000|  0%| F|  |TAMS 0x000000008fe00000, 0x000000008fe00000| Untracked 
| 105|0x000000008ff00000, 0x000000008ff00000, 0x0000000090000000|  0%| F|  |TAMS 0x000000008ff00000, 0x000000008ff00000| Untracked 
| 106|0x0000000090000000, 0x0000000090000000, 0x0000000090100000|  0%| F|  |TAMS 0x0000000090000000, 0x0000000090000000| Untracked 
| 107|0x0000000090100000, 0x0000000090100000, 0x0000000090200000|  0%| F|  |TAMS 0x0000000090100000, 0x0000000090100000| Untracked 
| 108|0x0000000090200000, 0x0000000090200000, 0x0000000090300000|  0%| F|  |TAMS 0x0000000090200000, 0x0000000090200000| Untracked 
| 109|0x0000000090300000, 0x0000000090300000, 0x0000000090400000|  0%| F|  |TAMS 0x0000000090300000, 0x0000000090300000| Untracked 
| 110|0x0000000090400000, 0x0000000090400000, 0x0000000090500000|  0%| F|  |TAMS 0x0000000090400000, 0x0000000090400000| Untracked 
| 111|0x0000000090500000, 0x0000000090500000, 0x0000000090600000|  0%| F|  |TAMS 0x0000000090500000, 0x0000000090500000| Untracked 
| 112|0x0000000090600000, 0x0000000090600000, 0x0000000090700000|  0%| F|  |TAMS 0x0000000090600000, 0x0000000090600000| Untracked 
| 113|0x0000000090700000, 0x0000000090700000, 0x0000000090800000|  0%| F|  |TAMS 0x0000000090700000, 0x0000000090700000| Untracked 
| 114|0x0000000090800000, 0x0000000090800000, 0x0000000090900000|  0%| F|  |TAMS 0x0000000090800000, 0x0000000090800000| Untracked 
| 115|0x0000000090900000, 0x0000000090900000, 0x0000000090a00000|  0%| F|  |TAMS 0x0000000090900000, 0x0000000090900000| Untracked 
| 116|0x0000000090a00000, 0x0000000090a00000, 0x0000000090b00000|  0%| F|  |TAMS 0x0000000090a00000, 0x0000000090a00000| Untracked 
| 117|0x0000000090b00000, 0x0000000090b00000, 0x0000000090c00000|  0%| F|  |TAMS 0x0000000090b00000, 0x0000000090b00000| Untracked 
| 118|0x0000000090c00000, 0x0000000090c00000, 0x0000000090d00000|  0%| F|  |TAMS 0x0000000090c00000, 0x0000000090c00000| Untracked 
| 119|0x0000000090d00000, 0x0000000090d00000, 0x0000000090e00000|  0%| F|  |TAMS 0x0000000090d00000, 0x0000000090d00000| Untracked 
| 120|0x0000000090e00000, 0x0000000090e00000, 0x0000000090f00000|  0%| F|  |TAMS 0x0000000090e00000, 0x0000000090e00000| Untracked 
| 121|0x0000000090f00000, 0x0000000090f00000, 0x0000000091000000|  0%| F|  |TAMS 0x0000000090f00000, 0x0000000090f00000| Untracked 
| 122|0x0000000091000000, 0x0000000091000000, 0x0000000091100000|  0%| F|  |TAMS 0x0000000091000000, 0x0000000091000000| Untracked 
| 123|0x0000000091100000, 0x0000000091100000, 0x0000000091200000|  0%| F|  |TAMS 0x0000000091100000, 0x0000000091100000| Untracked 
| 124|0x0000000091200000, 0x0000000091200000, 0x0000000091300000|  0%| F|  |TAMS 0x0000000091200000, 0x0000000091200000| Untracked 
| 125|0x0000000091300000, 0x0000000091300000, 0x0000000091400000|  0%| F|  |TAMS 0x0000000091300000, 0x0000000091300000| Untracked 
| 126|0x0000000091400000, 0x0000000091400000, 0x0000000091500000|  0%| F|  |TAMS 0x0000000091400000, 0x0000000091400000| Untracked 
| 127|0x0000000091500000, 0x0000000091500000, 0x0000000091600000|  0%| F|  |TAMS 0x0000000091500000, 0x0000000091500000| Untracked 
| 128|0x0000000091600000, 0x0000000091600000, 0x0000000091700000|  0%| F|  |TAMS 0x0000000091600000, 0x0000000091600000| Untracked 
| 129|0x0000000091700000, 0x0000000091700000, 0x0000000091800000|  0%| F|  |TAMS 0x0000000091700000, 0x0000000091700000| Untracked 
| 130|0x0000000091800000, 0x0000000091800000, 0x0000000091900000|  0%| F|  |TAMS 0x0000000091800000, 0x0000000091800000| Untracked 
| 131|0x0000000091900000, 0x0000000091900000, 0x0000000091a00000|  0%| F|  |TAMS 0x0000000091900000, 0x0000000091900000| Untracked 
| 132|0x0000000091a00000, 0x0000000091a00000, 0x0000000091b00000|  0%| F|  |TAMS 0x0000000091a00000, 0x0000000091a00000| Untracked 
| 133|0x0000000091b00000, 0x0000000091b00000, 0x0000000091c00000|  0%| F|  |TAMS 0x0000000091b00000, 0x0000000091b00000| Untracked 
| 134|0x0000000091c00000, 0x0000000091c00000, 0x0000000091d00000|  0%| F|  |TAMS 0x0000000091c00000, 0x0000000091c00000| Untracked 
| 135|0x0000000091d00000, 0x0000000091d00000, 0x0000000091e00000|  0%| F|  |TAMS 0x0000000091d00000, 0x0000000091d00000| Untracked 
| 136|0x0000000091e00000, 0x0000000091e00000, 0x0000000091f00000|  0%| F|  |TAMS 0x0000000091e00000, 0x0000000091e00000| Untracked 
| 137|0x0000000091f00000, 0x0000000091f00000, 0x0000000092000000|  0%| F|  |TAMS 0x0000000091f00000, 0x0000000091f00000| Untracked 
| 138|0x0000000092000000, 0x0000000092000000, 0x0000000092100000|  0%| F|  |TAMS 0x0000000092000000, 0x0000000092000000| Untracked 
| 139|0x0000000092100000, 0x0000000092100000, 0x0000000092200000|  0%| F|  |TAMS 0x0000000092100000, 0x0000000092100000| Untracked 
| 140|0x0000000092200000, 0x0000000092200000, 0x0000000092300000|  0%| F|  |TAMS 0x0000000092200000, 0x0000000092200000| Untracked 
| 141|0x0000000092300000, 0x0000000092300000, 0x0000000092400000|  0%| F|  |TAMS 0x0000000092300000, 0x0000000092300000| Untracked 
| 142|0x0000000092400000, 0x0000000092400000, 0x0000000092500000|  0%| F|  |TAMS 0x0000000092400000, 0x0000000092400000| Untracked 
| 143|0x0000000092500000, 0x0000000092500000, 0x0000000092600000|  0%| F|  |TAMS 0x0000000092500000, 0x0000000092500000| Untracked 
| 144|0x0000000092600000, 0x0000000092600000, 0x0000000092700000|  0%| F|  |TAMS 0x0000000092600000, 0x0000000092600000| Untracked 
| 145|0x0000000092700000, 0x0000000092700000, 0x0000000092800000|  0%| F|  |TAMS 0x0000000092700000, 0x0000000092700000| Untracked 
| 146|0x0000000092800000, 0x0000000092800000, 0x0000000092900000|  0%| F|  |TAMS 0x0000000092800000, 0x0000000092800000| Untracked 
| 147|0x0000000092900000, 0x0000000092900000, 0x0000000092a00000|  0%| F|  |TAMS 0x0000000092900000, 0x0000000092900000| Untracked 
| 148|0x0000000092a00000, 0x0000000092a00000, 0x0000000092b00000|  0%| F|  |TAMS 0x0000000092a00000, 0x0000000092a00000| Untracked 
| 149|0x0000000092b00000, 0x0000000092b89fd8, 0x0000000092c00000| 53%| E|  |TAMS 0x0000000092b00000, 0x0000000092b00000| Complete 
| 150|0x0000000092c00000, 0x0000000092d00000, 0x0000000092d00000|100%| E|CS|TAMS 0x0000000092c00000, 0x0000000092c00000| Complete 
| 151|0x0000000092d00000, 0x0000000092e00000, 0x0000000092e00000|100%| E|CS|TAMS 0x0000000092d00000, 0x0000000092d00000| Complete 
| 152|0x0000000092e00000, 0x0000000092f00000, 0x0000000092f00000|100%| E|CS|TAMS 0x0000000092e00000, 0x0000000092e00000| Complete 
| 153|0x0000000092f00000, 0x0000000093000000, 0x0000000093000000|100%| E|CS|TAMS 0x0000000092f00000, 0x0000000092f00000| Complete 
| 154|0x0000000093000000, 0x0000000093100000, 0x0000000093100000|100%| E|CS|TAMS 0x0000000093000000, 0x0000000093000000| Complete 
| 155|0x0000000093100000, 0x0000000093200000, 0x0000000093200000|100%| E|CS|TAMS 0x0000000093100000, 0x0000000093100000| Complete 
| 156|0x0000000093200000, 0x0000000093300000, 0x0000000093300000|100%| E|CS|TAMS 0x0000000093200000, 0x0000000093200000| Complete 
| 157|0x0000000093300000, 0x0000000093400000, 0x0000000093400000|100%| E|CS|TAMS 0x0000000093300000, 0x0000000093300000| Complete 
| 158|0x0000000093400000, 0x0000000093500000, 0x0000000093500000|100%| E|CS|TAMS 0x0000000093400000, 0x0000000093400000| Complete 

Card table byte_map: [0x000002187dfe0000,0x000002187e3a0000] _byte_map_base: 0x000002187db95000

Marking Bits (Prev, Next): (CMBitMap*) 0x00000218798d7c08, (CMBitMap*) 0x00000218798d7c40
 Prev Bits: [0x000002180f000000, 0x0000021810da8000)
 Next Bits: [0x0000021810db0000, 0x0000021812b58000)

Polling page: 0x0000021877680000

Metaspace:

Usage:
  Non-class:     39.93 MB capacity,    39.62 MB (>99%) used,   251.70 KB ( <1%) free+waste,    67.25 KB ( <1%) overhead. 
      Class:      5.51 MB capacity,     5.30 MB ( 96%) used,   182.45 KB (  3%) free+waste,    29.63 KB ( <1%) overhead. 
       Both:     45.44 MB capacity,    44.92 MB ( 99%) used,   434.14 KB ( <1%) free+waste,    96.88 KB ( <1%) overhead. 

Virtual space:
  Non-class space:       40.00 MB reserved,      40.00 MB (100%) committed 
      Class space:        1.00 GB reserved,       5.63 MB ( <1%) committed 
             Both:        1.04 GB reserved,      45.63 MB (  4%) committed 

Chunk freelists:
   Non-Class:  69.00 KB
       Class:  21.00 KB
        Both:  90.00 KB

MaxMetaspaceSize: 17179869184.00 GB
CompressedClassSpaceSize: 1.00 GB
Initial GC threshold: 20.80 MB
Current GC threshold: 58.75 MB
CDS: off

CodeHeap 'non-profiled nmethods': size=119168Kb used=1264Kb max_used=1264Kb free=117903Kb
 bounds [0x0000021807ba0000, 0x0000021807e10000, 0x000002180f000000]
CodeHeap 'profiled nmethods': size=119168Kb used=8616Kb max_used=8616Kb free=110551Kb
 bounds [0x0000021800740000, 0x0000021800fb0000, 0x0000021807ba0000]
CodeHeap 'non-nmethods': size=7424Kb used=2957Kb max_used=2982Kb free=4466Kb
 bounds [0x0000021800000000, 0x00000218002f0000, 0x0000021800740000]
 total_blobs=4262 nmethods=3712 adapters=458
 compilation: enabled
              stopped_count=0, restarted_count=0
 full_count=0

Compilation events (20 events):
Event: 2.816 Thread 0x0000021814bcd000 3724       3       org.jetbrains.kotlin.com.intellij.psi.impl.source.SourceTreeToPsiMap::treeElementToPsi (15 bytes)
Event: 2.816 Thread 0x0000021814bcd000 nmethod 3724 0x0000021800f9be10 code [0x0000021800f9bfe0, 0x0000021800f9c1e8]
Event: 2.826 Thread 0x000002181531a800 3725       3       org.jetbrains.kotlin.com.intellij.mock.MockComponentManager::getService (25 bytes)
Event: 2.826 Thread 0x00000218152b2000 3726       3       org.jetbrains.kotlin.com.intellij.util.pico.DefaultPicoContainer::getService (40 bytes)
Event: 2.827 Thread 0x000002181531a800 nmethod 3725 0x0000021800f9c290 code [0x0000021800f9c460, 0x0000021800f9c6c8]
Event: 2.827 Thread 0x00000218152b2000 nmethod 3726 0x0000021800f9c810 code [0x0000021800f9ca20, 0x0000021800f9cf78]
Event: 2.833 Thread 0x0000021814c4e000 3727       1       kotlin.ranges.IntProgressionIterator::hasNext (5 bytes)
Event: 2.833 Thread 0x0000021814c4e000 nmethod 3727 0x0000021807cdb790 code [0x0000021807cdb940, 0x0000021807cdb9f8]
Event: 2.833 Thread 0x0000021814bcd000 3728       1       org.jetbrains.kotlin.com.intellij.openapi.vfs.impl.jar.CoreJarVirtualFile::getChildren (5 bytes)
Event: 2.833 Thread 0x0000021814bcd000 nmethod 3728 0x0000021807cdba90 code [0x0000021807cdbc40, 0x0000021807cdbcf8]
Event: 2.833 Thread 0x000002181531a800 3729       3       org.jetbrains.kotlin.com.intellij.openapi.vfs.impl.jar.CoreJarVirtualFile::getNameSequence (13 bytes)
Event: 2.833 Thread 0x00000218152b2000 3730       3       gnu.trove.TObjectHash::index (146 bytes)
Event: 2.833 Thread 0x0000021814bcd000 3731       3       org.jetbrains.kotlin.com.intellij.openapi.vfs.VirtualFile::nameEquals (18 bytes)
Event: 2.833 Thread 0x0000021814c4e000 3733       3       org.jetbrains.kotlin.com.intellij.openapi.util.text.StringUtilRt::equal (120 bytes)
Event: 2.834 Thread 0x000002181531a800 nmethod 3729 0x0000021800f9d110 code [0x0000021800f9d2c0, 0x0000021800f9d448]
Event: 2.834 Thread 0x000002181531a800 3732       3       org.jetbrains.kotlin.com.intellij.openapi.util.Comparing::equal (7 bytes)
Event: 2.834 Thread 0x000002181531a800 nmethod 3732 0x0000021800f9d510 code [0x0000021800f9d6c0, 0x0000021800f9d7c8]
Event: 2.834 Thread 0x0000021814bcd000 nmethod 3731 0x0000021800f9d890 code [0x0000021800f9da80, 0x0000021800f9dd48]
Event: 2.834 Thread 0x00000218152b2000 nmethod 3730 0x0000021800f9de90 code [0x0000021800f9e0a0, 0x0000021800f9e868]
Event: 2.835 Thread 0x0000021814c4e000 nmethod 3733 0x0000021800f9eb10 code [0x0000021800f9ee20, 0x0000021800fa0018]

GC Heap History (10 events):
Event: 0.512 GC heap before
{Heap before GC invocations=0 (full 0):
 garbage-first heap   total 122880K, used 27648K [0x0000000089600000, 0x0000000100000000)
  region size 1024K, 24 young (24576K), 0 survivors (0K)
 Metaspace       used 12029K, capacity 12146K, committed 12416K, reserved 1060864K
  class space    used 1075K, capacity 1109K, committed 1152K, reserved 1048576K
}
Event: 0.518 GC heap after
{Heap after GC invocations=1 (full 0):
 garbage-first heap   total 122880K, used 6156K [0x0000000089600000, 0x0000000100000000)
  region size 1024K, 3 young (3072K), 3 survivors (3072K)
 Metaspace       used 12029K, capacity 12146K, committed 12416K, reserved 1060864K
  class space    used 1075K, capacity 1109K, committed 1152K, reserved 1048576K
}
Event: 1.010 GC heap before
{Heap before GC invocations=1 (full 0):
 garbage-first heap   total 122880K, used 44044K [0x0000000089600000, 0x0000000100000000)
  region size 1024K, 41 young (41984K), 3 survivors (3072K)
 Metaspace       used 21074K, capacity 21247K, committed 21296K, reserved 1069056K
  class space    used 2198K, capacity 2301K, committed 2304K, reserved 1048576K
}
Event: 1.023 GC heap after
{Heap after GC invocations=2 (full 0):
 garbage-first heap   total 122880K, used 9643K [0x0000000089600000, 0x0000000100000000)
  region size 1024K, 7 young (7168K), 7 survivors (7168K)
 Metaspace       used 21074K, capacity 21247K, committed 21296K, reserved 1069056K
  class space    used 2198K, capacity 2301K, committed 2304K, reserved 1048576K
}
Event: 1.874 GC heap before
{Heap before GC invocations=3 (full 0):
 garbage-first heap   total 122880K, used 65963K [0x0000000089600000, 0x0000000100000000)
  region size 1024K, 57 young (58368K), 7 survivors (7168K)
 Metaspace       used 32652K, capacity 33100K, committed 33280K, reserved 1079296K
  class space    used 4063K, capacity 4244K, committed 4352K, reserved 1048576K
}
Event: 1.894 GC heap after
{Heap after GC invocations=4 (full 0):
 garbage-first heap   total 122880K, used 21260K [0x0000000089600000, 0x0000000100000000)
  region size 1024K, 8 young (8192K), 8 survivors (8192K)
 Metaspace       used 32652K, capacity 33100K, committed 33280K, reserved 1079296K
  class space    used 4063K, capacity 4244K, committed 4352K, reserved 1048576K
}
Event: 2.026 GC heap before
{Heap before GC invocations=4 (full 0):
 garbage-first heap   total 122880K, used 32524K [0x0000000089600000, 0x0000000100000000)
  region size 1024K, 20 young (20480K), 8 survivors (8192K)
 Metaspace       used 35344K, capacity 35756K, committed 35840K, reserved 1081344K
  class space    used 4352K, capacity 4532K, committed 4608K, reserved 1048576K
}
Event: 2.041 GC heap after
{Heap after GC invocations=5 (full 0):
 garbage-first heap   total 122880K, used 22961K [0x0000000089600000, 0x0000000100000000)
  region size 1024K, 2 young (2048K), 2 survivors (2048K)
 Metaspace       used 35344K, capacity 35756K, committed 35840K, reserved 1081344K
  class space    used 4352K, capacity 4532K, committed 4608K, reserved 1048576K
}
Event: 2.625 GC heap before
{Heap before GC invocations=6 (full 0):
 garbage-first heap   total 122880K, used 64945K [0x0000000089600000, 0x0000000100000000)
  region size 1024K, 43 young (44032K), 2 survivors (2048K)
 Metaspace       used 43339K, capacity 43817K, committed 44032K, reserved 1087488K
  class space    used 5128K, capacity 5316K, committed 5376K, reserved 1048576K
}
Event: 2.646 GC heap after
{Heap after GC invocations=7 (full 0):
 garbage-first heap   total 162816K, used 24497K [0x0000000089600000, 0x0000000100000000)
  region size 1024K, 5 young (5120K), 5 survivors (5120K)
 Metaspace       used 43339K, capacity 43817K, committed 44032K, reserved 1087488K
  class space    used 5128K, capacity 5316K, committed 5376K, reserved 1048576K
}

Deoptimization events (20 events):
Event: 2.564 Thread 0x0000021879899800 Uncommon trap: trap_request=0xffffff4d fr.pc=0x0000021807bd762c relative=0x0000000000000c0c
Event: 2.564 Thread 0x0000021879899800 Uncommon trap: reason=unstable_if action=reinterpret pc=0x0000021807bd762c method=java.lang.StringCoding.encodeUTF8(B[BZ)[B @ 2 c2
Event: 2.564 Thread 0x0000021879899800 DEOPT PACKING pc=0x0000021807bd762c sp=0x000000c52a0f6060
Event: 2.564 Thread 0x0000021879899800 DEOPT UNPACKING pc=0x000002180004a1af sp=0x000000c52a0f5e50 mode 2
Event: 2.564 Thread 0x0000021879899800 Uncommon trap: trap_request=0xffffff4d fr.pc=0x0000021807cb8928 relative=0x0000000000000268
Event: 2.564 Thread 0x0000021879899800 Uncommon trap: reason=unstable_if action=reinterpret pc=0x0000021807cb8928 method=sun.net.www.ParseUtil.firstEncodeIndex(Ljava/lang/String;)I @ 27 c2
Event: 2.564 Thread 0x0000021879899800 DEOPT PACKING pc=0x0000021807cb8928 sp=0x000000c52a0f6190
Event: 2.564 Thread 0x0000021879899800 DEOPT UNPACKING pc=0x000002180004a1af sp=0x000000c52a0f5fb8 mode 2
Event: 2.565 Thread 0x0000021879899800 Uncommon trap: trap_request=0xffffff4d fr.pc=0x0000021807c26e1c relative=0x00000000000001fc
Event: 2.565 Thread 0x0000021879899800 Uncommon trap: reason=unstable_if action=reinterpret pc=0x0000021807c26e1c method=java.lang.String.indexOf(II)I @ 4 c2
Event: 2.565 Thread 0x0000021879899800 DEOPT PACKING pc=0x0000021807c26e1c sp=0x000000c52a0f5e20
Event: 2.565 Thread 0x0000021879899800 DEOPT UNPACKING pc=0x000002180004a1af sp=0x000000c52a0f5dd0 mode 2
Event: 2.565 Thread 0x0000021879899800 Uncommon trap: trap_request=0xffffff4d fr.pc=0x0000021807c660b4 relative=0x0000000000000194
Event: 2.565 Thread 0x0000021879899800 Uncommon trap: reason=unstable_if action=reinterpret pc=0x0000021807c660b4 method=java.lang.String.startsWith(Ljava/lang/String;I)Z @ 46 c2
Event: 2.565 Thread 0x0000021879899800 DEOPT PACKING pc=0x0000021807c660b4 sp=0x000000c52a0f5f20
Event: 2.565 Thread 0x0000021879899800 DEOPT UNPACKING pc=0x000002180004a1af sp=0x000000c52a0f5e88 mode 2
Event: 2.565 Thread 0x0000021879899800 Uncommon trap: trap_request=0xffffff4d fr.pc=0x0000021807cbdb94 relative=0x00000000000006b4
Event: 2.565 Thread 0x0000021879899800 Uncommon trap: reason=unstable_if action=reinterpret pc=0x0000021807cbdb94 method=java.lang.String.lastIndexOf(II)I @ 4 c2
Event: 2.565 Thread 0x0000021879899800 DEOPT PACKING pc=0x0000021807cbdb94 sp=0x000000c52a0f5f90
Event: 2.565 Thread 0x0000021879899800 DEOPT UNPACKING pc=0x000002180004a1af sp=0x000000c52a0f5e80 mode 2

Classes redefined (0 events):
No events

Internal exceptions (20 events):
Event: 0.999 Thread 0x0000021879899800 Exception <a 'java/lang/NoSuchMethodError'{0x000000008e6adb58}: 'java.lang.Object java.lang.invoke.DirectMethodHandle$Holder.invokeStaticInit(java.lang.Object, int)'> (0x000000008e6adb58) thrown at [./src/hotspot/share/interpreter/linkResolver.cpp, line 773]
Event: 1.035 Thread 0x0000021879899800 Exception <a 'java/lang/NoSuchMethodError'{0x0000000090dbc3f0}: 'long java.lang.invoke.DirectMethodHandle$Holder.invokeStatic(java.lang.Object)'> (0x0000000090dbc3f0) thrown at [./src/hotspot/share/interpreter/linkResolver.cpp, line 773]
Event: 1.035 Thread 0x0000021879899800 Exception <a 'java/lang/NoSuchMethodError'{0x0000000090dbf248}: 'long java.lang.invoke.DirectMethodHandle$Holder.invokeStaticInit(java.lang.Object)'> (0x0000000090dbf248) thrown at [./src/hotspot/share/interpreter/linkResolver.cpp, line 773]
Event: 1.086 Thread 0x0000021879899800 Exception <a 'java/lang/NoSuchMethodError'{0x0000000090970f68}: 'int java.lang.invoke.DirectMethodHandle$Holder.invokeStaticInit(java.lang.Object, java.lang.Object, java.lang.Object)'> (0x0000000090970f68) thrown at [./src/hotspot/share/interpreter/linkResolver.cpp, line 773]
Event: 1.091 Thread 0x0000021879899800 Exception <a 'java/lang/NoSuchMethodError'{0x000000009099d038}: 'int java.lang.invoke.DirectMethodHandle$Holder.invokeStaticInit(java.lang.Object, java.lang.Object)'> (0x000000009099d038) thrown at [./src/hotspot/share/interpreter/linkResolver.cpp, line 773]
Event: 1.123 Thread 0x0000021879899800 Exception <a 'java/lang/NoSuchMethodError'{0x00000000907b8158}: 'void java.lang.invoke.DirectMethodHandle$Holder.invokeSpecial(java.lang.Object, java.lang.Object)'> (0x00000000907b8158) thrown at [./src/hotspot/share/interpreter/linkResolver.cpp, line 773]
Event: 1.318 Thread 0x0000021879899800 Exception <a 'java/lang/NoSuchMethodError'{0x000000008feaaf18}: 'java.lang.Object java.lang.invoke.DirectMethodHandle$Holder.invokeStatic(java.lang.Object, java.lang.Object, java.lang.Object, java.lang.Object, java.lang.Object, java.lang.Object, java.lang.Object, java.lang.Object, java.lang.Object, java.lang.Object, java.lang.Object, java.lang.Object, java.lang.Object, java.lang.Object, java.lang.Object)'> (0x000000008feaaf18) thrown at [./src/hotspot/share/interpreter/linkResolver.cpp, line 773]
Event: 1.319 Thread 0x0000021879899800 Exception <a 'java/lang/NoSuchMethodError'{0x000000008feb8f20}: 'java.lang.Object java.lang.invoke.DirectMethodHandle$Holder.invokeStatic(java.lang.Object, java.lang.Object, java.lang.Object, java.lang.Object, java.lang.Object, java.lang.Object, java.lang.Object, java.lang.Object, java.lang.Object, java.lang.Object, java.lang.Object, java.lang.Object, java.lang.Object, java.lang.Object, java.lang.Object, java.lang.Object)'> (0x000000008feb8f20) thrown at [./src/hotspot/share/interpreter/linkResolver.cpp, l
Event: 1.320 Thread 0x0000021879899800 Exception <a 'java/lang/NoSuchMethodError'{0x000000008fec6e38}: 'java.lang.Object java.lang.invoke.DirectMethodHandle$Holder.invokeSpecial(java.lang.Object, java.lang.Object, int, int, java.lang.Object, java.lang.Object, java.lang.Object)'> (0x000000008fec6e38) thrown at [./src/hotspot/share/interpreter/linkResolver.cpp, line 773]
Event: 1.320 Thread 0x0000021879899800 Exception <a 'java/lang/NoSuchMethodError'{0x000000008feca670}: 'java.lang.Object java.lang.invoke.DelegatingMethodHandle$Holder.reinvoke_L(java.lang.Object, int, int, java.lang.Object, java.lang.Object, java.lang.Object)'> (0x000000008feca670) thrown at [./src/hotspot/share/interpreter/linkResolver.cpp, line 773]
Event: 1.321 Thread 0x0000021879899800 Exception <a 'java/lang/NoSuchMethodError'{0x000000008fece9f8}: 'java.lang.Object java.lang.invoke.DirectMethodHandle$Holder.invokeStatic(java.lang.Object, java.lang.Object, java.lang.Object, java.lang.Object, int)'> (0x000000008fece9f8) thrown at [./src/hotspot/share/interpreter/linkResolver.cpp, line 773]
Event: 1.362 Thread 0x0000021879899800 Exception <a 'java/lang/NoSuchMethodError'{0x000000008fdf64b0}: 'void java.lang.invoke.DirectMethodHandle$Holder.invokeStatic(java.lang.Object, java.lang.Object, java.lang.Object, java.lang.Object)'> (0x000000008fdf64b0) thrown at [./src/hotspot/share/interpreter/linkResolver.cpp, line 773]
Event: 1.420 Thread 0x0000021879899800 Exception <a 'java/lang/NoSuchMethodError'{0x000000008f9e2b68}: 'void java.lang.invoke.DirectMethodHandle$Holder.invokeStaticInit(java.lang.Object, java.lang.Object)'> (0x000000008f9e2b68) thrown at [./src/hotspot/share/interpreter/linkResolver.cpp, line 773]
Event: 1.497 Thread 0x0000021879899800 Exception <a 'java/lang/NoSuchMethodError'{0x000000008f41b158}: 'void java.lang.invoke.DirectMethodHandle$Holder.invokeVirtual(java.lang.Object, java.lang.Object)'> (0x000000008f41b158) thrown at [./src/hotspot/share/interpreter/linkResolver.cpp, line 773]
Event: 1.507 Thread 0x0000021879899800 Exception <a 'java/lang/NoSuchMethodError'{0x000000008f4a4cc8}: 'int java.lang.invoke.DirectMethodHandle$Holder.invokeVirtual(java.lang.Object, java.lang.Object)'> (0x000000008f4a4cc8) thrown at [./src/hotspot/share/interpreter/linkResolver.cpp, line 773]
Event: 2.070 Thread 0x0000021879899800 Exception <a 'java/lang/NoSuchMethodError'{0x0000000090c3f118}: 'java.lang.Object java.lang.invoke.DirectMethodHandle$Holder.invokeVirtual(java.lang.Object, java.lang.Object, java.lang.Object)'> (0x0000000090c3f118) thrown at [./src/hotspot/share/interpreter/linkResolver.cpp, line 773]
Event: 2.666 Thread 0x0000021879899800 Exception <a 'java/lang/NoSuchMethodError'{0x000000009347dd88}: 'java.lang.Object java.lang.invoke.Invokers$Holder.linkToTargetMethod(java.lang.Object, int, java.lang.Object)'> (0x000000009347dd88) thrown at [./src/hotspot/share/interpreter/linkResolver.cpp, line 773]
Event: 2.783 Thread 0x0000021879899800 Exception <a 'java/lang/NoSuchMethodError'{0x00000000930ea568}: 'java.lang.Object java.lang.invoke.DirectMethodHandle$Holder.invokeStatic(java.lang.Object, java.lang.Object, java.lang.Object, int)'> (0x00000000930ea568) thrown at [./src/hotspot/share/interpreter/linkResolver.cpp, line 773]
Event: 2.783 Thread 0x0000021879899800 Exception <a 'java/lang/NoSuchMethodError'{0x00000000930ee1d8}: 'java.lang.Object java.lang.invoke.DirectMethodHandle$Holder.invokeSpecial(java.lang.Object, java.lang.Object, java.lang.Object, java.lang.Object, int)'> (0x00000000930ee1d8) thrown at [./src/hotspot/share/interpreter/linkResolver.cpp, line 773]
Event: 2.784 Thread 0x0000021879899800 Exception <a 'java/lang/NoSuchMethodError'{0x00000000930f14e8}: 'java.lang.Object java.lang.invoke.Invokers$Holder.linkToTargetMethod(java.lang.Object, java.lang.Object, int, java.lang.Object)'> (0x00000000930f14e8) thrown at [./src/hotspot/share/interpreter/linkResolver.cpp, line 773]

Events (20 events):
Event: 2.837 loading class org/jetbrains/kotlin/resolve/LazyExplicitImportScope
Event: 2.837 loading class org/jetbrains/kotlin/resolve/LazyExplicitImportScope done
Event: 2.838 loading class org/jetbrains/kotlin/utils/CallOnceFunction
Event: 2.838 loading class org/jetbrains/kotlin/utils/CallOnceFunction done
Event: 2.839 loading class org/jetbrains/kotlin/resolve/QualifiedExpressionResolver$processSingleImport$1
Event: 2.839 loading class org/jetbrains/kotlin/resolve/QualifiedExpressionResolver$processSingleImport$1 done
Event: 2.839 loading class org/jetbrains/kotlin/load/java/lazy/LazyJavaPackageFragmentProvider$getPackageFragment$1
Event: 2.839 loading class org/jetbrains/kotlin/load/java/lazy/LazyJavaPackageFragmentProvider$getPackageFragment$1 done
Event: 2.839 loading class org/jetbrains/kotlin/load/java/lazy/descriptors/LazyJavaPackageFragment
Event: 2.839 loading class org/jetbrains/kotlin/load/java/lazy/descriptors/LazyJavaPackageFragment done
Event: 2.840 loading class org/jetbrains/kotlin/load/java/lazy/ContextKt
Event: 2.840 loading class org/jetbrains/kotlin/load/java/lazy/ContextKt done
Event: 2.841 loading class org/jetbrains/kotlin/load/java/lazy/ContextKt$childForClassOrPackage$1
Event: 2.841 loading class org/jetbrains/kotlin/load/java/lazy/ContextKt$childForClassOrPackage$1 done
Event: 2.841 loading class org/jetbrains/kotlin/load/java/lazy/descriptors/LazyJavaPackageFragment$binaryClasses$2
Event: 2.841 loading class org/jetbrains/kotlin/load/java/lazy/descriptors/LazyJavaPackageFragment$binaryClasses$2 done
Event: 2.841 loading class org/jetbrains/kotlin/load/java/lazy/descriptors/JvmPackageScope
Event: 2.841 loading class org/jetbrains/kotlin/load/java/lazy/descriptors/JvmPackageScope done
Event: 2.842 loading class org/jetbrains/kotlin/load/java/lazy/descriptors/LazyJavaPackageScope
Event: 2.842 loading class org/jetbrains/kotlin/load/java/lazy/descriptors/LazyJavaPackageScope done


Dynamic libraries:
0x00007ff6d8cf0000 - 0x00007ff6d8cfa000 	C:\Program Files\Android\Android Studio\jre\bin\java.exe
0x00007ff9de7b0000 - 0x00007ff9de9c4000 	C:\WINDOWS\SYSTEM32\ntdll.dll
0x00007ff9dd1f0000 - 0x00007ff9dd2b4000 	C:\WINDOWS\System32\KERNEL32.DLL
0x00007ff9dc190000 - 0x00007ff9dc534000 	C:\WINDOWS\System32\KERNELBASE.dll
0x00007ff9dbf50000 - 0x00007ff9dc061000 	C:\WINDOWS\System32\ucrtbase.dll
0x00007ff984620000 - 0x00007ff984637000 	C:\Program Files\Android\Android Studio\jre\bin\VCRUNTIME140.dll
0x00007ff984640000 - 0x00007ff984659000 	C:\Program Files\Android\Android Studio\jre\bin\jli.dll
0x00007ff9de180000 - 0x00007ff9de32e000 	C:\WINDOWS\System32\USER32.dll
0x00007ff9dbb60000 - 0x00007ff9dbb86000 	C:\WINDOWS\System32\win32u.dll
0x00007ff9d34c0000 - 0x00007ff9d3753000 	C:\WINDOWS\WinSxS\amd64_microsoft.windows.common-controls_6595b64144ccf1df_6.0.22621.2215_none_270d72677387dfc3\COMCTL32.dll
0x00007ff9dc8b0000 - 0x00007ff9dc8d9000 	C:\WINDOWS\System32\GDI32.dll
0x00007ff9dcf80000 - 0x00007ff9dd027000 	C:\WINDOWS\System32\msvcrt.dll
0x00007ff9dc070000 - 0x00007ff9dc188000 	C:\WINDOWS\System32\gdi32full.dll
0x00007ff9dbeb0000 - 0x00007ff9dbf4a000 	C:\WINDOWS\System32\msvcp_win.dll
0x00007ff9ddd10000 - 0x00007ff9ddd41000 	C:\WINDOWS\System32\IMM32.DLL
0x00007ff96c010000 - 0x00007ff96c0ad000 	C:\Program Files\Android\Android Studio\jre\bin\msvcp140.dll
0x00007ff96d5f0000 - 0x00007ff96e0d5000 	C:\Program Files\Android\Android Studio\jre\bin\server\jvm.dll
0x00007ff9de330000 - 0x00007ff9de3e0000 	C:\WINDOWS\System32\ADVAPI32.dll
0x00007ff9dced0000 - 0x00007ff9dcf76000 	C:\WINDOWS\System32\sechost.dll
0x00007ff9ddec0000 - 0x00007ff9ddfd7000 	C:\WINDOWS\System32\RPCRT4.dll
0x00007ff9dc5f0000 - 0x00007ff9dc5f8000 	C:\WINDOWS\System32\PSAPI.DLL
0x00007ff9d4330000 - 0x00007ff9d4339000 	C:\WINDOWS\SYSTEM32\WSOCK32.dll
0x00007ff9d27e0000 - 0x00007ff9d2814000 	C:\WINDOWS\SYSTEM32\WINMM.dll
0x00007ff9d2820000 - 0x00007ff9d282a000 	C:\WINDOWS\SYSTEM32\VERSION.dll
0x00007ff9dd460000 - 0x00007ff9dd4d1000 	C:\WINDOWS\System32\WS2_32.dll
0x00007ff9dab80000 - 0x00007ff9dab98000 	C:\WINDOWS\SYSTEM32\kernel.appcore.dll
0x00007ff9d4290000 - 0x00007ff9d42a1000 	C:\Program Files\Android\Android Studio\jre\bin\verify.dll
0x00007ff9d93a0000 - 0x00007ff9d95ce000 	C:\WINDOWS\SYSTEM32\DBGHELP.DLL
0x00007ff9de3e0000 - 0x00007ff9de76a000 	C:\WINDOWS\System32\combase.dll
0x00007ff9ddde0000 - 0x00007ff9ddeb7000 	C:\WINDOWS\System32\OLEAUT32.dll
0x00007ff9d0640000 - 0x00007ff9d0672000 	C:\WINDOWS\SYSTEM32\dbgcore.DLL
0x00007ff9dbe30000 - 0x00007ff9dbeaa000 	C:\WINDOWS\System32\bcryptPrimitives.dll
0x00007ff9c9d40000 - 0x00007ff9c9d69000 	C:\Program Files\Android\Android Studio\jre\bin\java.dll
0x00007ff9d1460000 - 0x00007ff9d146b000 	C:\Program Files\Android\Android Studio\jre\bin\jimage.dll
0x00007ff9d0ec0000 - 0x00007ff9d0ed8000 	C:\Program Files\Android\Android Studio\jre\bin\zip.dll
0x00007ff9dd4e0000 - 0x00007ff9ddd03000 	C:\WINDOWS\System32\SHELL32.dll
0x00007ff9d9aa0000 - 0x00007ff9da38a000 	C:\WINDOWS\SYSTEM32\windows.storage.dll
0x00007ff9d9960000 - 0x00007ff9d9a9e000 	C:\WINDOWS\SYSTEM32\wintypes.dll
0x00007ff9dc7b0000 - 0x00007ff9dc8a3000 	C:\WINDOWS\System32\SHCORE.dll
0x00007ff9dce70000 - 0x00007ff9dcece000 	C:\WINDOWS\System32\shlwapi.dll
0x00007ff9dba90000 - 0x00007ff9dbab6000 	C:\WINDOWS\SYSTEM32\profapi.dll
0x00007ff9c93d0000 - 0x00007ff9c93ea000 	C:\Program Files\Android\Android Studio\jre\bin\net.dll
0x00007ff9d62c0000 - 0x00007ff9d63f7000 	C:\WINDOWS\SYSTEM32\WINHTTP.dll
0x00007ff9db010000 - 0x00007ff9db079000 	C:\WINDOWS\system32\mswsock.dll
0x00007ff9c9150000 - 0x00007ff9c9164000 	C:\Program Files\Android\Android Studio\jre\bin\nio.dll

dbghelp: loaded successfully - version: 4.0.5 - missing functions: none
symbol engine: initialized successfully - sym options: 0x614 - pdb path: .;C:\Program Files\Android\Android Studio\jre\bin;C:\WINDOWS\SYSTEM32;C:\WINDOWS\WinSxS\amd64_microsoft.windows.common-controls_6595b64144ccf1df_6.0.22621.2215_none_270d72677387dfc3;C:\Program Files\Android\Android Studio\jre\bin\server

VM Arguments:
java_command: org.jetbrains.kotlin.cli.jvm.K2JVMCompiler @C:\Users\Novita Azka Maghfira\ukk\app\build\20231005_772789995447247184.compiler.options
java_class_path (initial): C:\Users\Novita Azka Maghfira\.gradle\caches\modules-2\files-2.1\org.jetbrains.kotlin\kotlin-compiler-embeddable\1.7.10\909803167c98606fcf22b4c848647c68e351d48d\kotlin-compiler-embeddable-1.7.10.jar;C:\Users\Novita Azka Maghfira\.gradle\caches\modules-2\files-2.1\org.jetbrains.kotlin\kotlin-reflect\1.7.10\165e600dfea6185cf5efa700756294cc4904dbeb\kotlin-reflect-1.7.10.jar;C:\Users\Novita Azka Maghfira\.gradle\caches\modules-2\files-2.1\org.jetbrains.kotlin\kotlin-stdlib\1.7.10\d2abf9e77736acc4450dc4a3f707fa2c10f5099d\kotlin-stdlib-1.7.10.jar;C:\Users\Novita Azka Maghfira\.gradle\caches\modules-2\files-2.1\org.jetbrains.kotlin\kotlin-script-runtime\1.7.10\c99c87a6988d8fd8d5142e9ed5c9f34a7cf561ee\kotlin-script-runtime-1.7.10.jar;C:\Users\Novita Azka Maghfira\.gradle\caches\modules-2\files-2.1\org.jetbrains.kotlin\kotlin-daemon-embeddable\1.7.10\3a9f7aef7080d3ae63126cbba4f827ed664f32fa\kotlin-daemon-embeddable-1.7.10.jar;C:\Users\Novita Azka Maghfira\.gradle\caches\modules-2\files-2.1\org.jetbrains.intellij.deps\trove4j\1.0.20200330\3afb14d5f9ceb459d724e907a21145e8ff394f02\trove4j-1.0.20200330.jar;C:\Users\Novita Azka Maghfira\.gradle\caches\modules-2\files-2.1\net.java.dev.jna\jna\5.6.0\330f2244e9030119ab3030fc3fededc86713d9cc\jna-5.6.0.jar;C:\Users\Novita Azka Maghfira\.gradle\caches\modules-2\files-2.1\org.jetbrains.kotlin\kotlin-stdlib-common\1.7.10\bac80c520d0a9e3f3673bc2658c6ed02ef45a76a\kotlin-stdlib-common-1.7.10.jar;C:\Users\Novita Azka Maghfira\.gradle\caches\modules-2\files-2.1\org.jetbrains\annotations\13.0\919f0dfe192fb4e063e7dacadee7f8bb9a2672a9\annotations-13.0.jar
Launcher Type: SUN_STANDARD

[Global flags]
     intx CICompilerCount                          = 12                                        {product} {ergonomic}
     uint ConcGCThreads                            = 3                                         {product} {ergonomic}
     uint G1ConcRefinementThreads                  = 13                                        {product} {ergonomic}
   size_t G1HeapRegionSize                         = 1048576                                   {product} {ergonomic}
    uintx GCDrainStackTargetSize                   = 64                                        {product} {ergonomic}
   size_t InitialHeapSize                          = 125829120                                 {product} {ergonomic}
   size_t MarkStackSize                            = 4194304                                   {product} {ergonomic}
   size_t MaxHeapSize                              = 1990197248                                {product} {ergonomic}
   size_t MaxNewSize                               = 1193279488                                {product} {ergonomic}
   size_t MinHeapDeltaBytes                        = 1048576                                   {product} {ergonomic}
    uintx NonNMethodCodeHeapSize                   = 7594288                                {pd product} {ergonomic}
    uintx NonProfiledCodeHeapSize                  = 122031976                              {pd product} {ergonomic}
    uintx ProfiledCodeHeapSize                     = 122031976                              {pd product} {ergonomic}
    uintx ReservedCodeCacheSize                    = 251658240                              {pd product} {ergonomic}
     bool SegmentedCodeCache                       = true                                      {product} {ergonomic}
     bool UseCompressedClassPointers               = true                                 {lp64_product} {ergonomic}
     bool UseCompressedOops                        = true                                 {lp64_product} {ergonomic}
     bool UseG1GC                                  = true                                      {product} {ergonomic}
     bool UseLargePagesIndividualAllocation        = false                                  {pd product} {ergonomic}

Logging:
Log output configuration:
 #0: stdout all=warning uptime,level,tags
 #1: stderr all=off uptime,level,tags

Environment Variables:
PATH=C:\ProgramData\Oracle\Java\javapath;C:\Windows\system32;C:\Windows;C:\Windows\System32\Wbem;C:\Windows\System32\WindowsPowerShell\v1.0\;C:\Windows\System32\OpenSSH\;C:\Program Files (x86)\NVIDIA Corporation\PhysX\Common;C:\Program Files\NVIDIA Corporation\NVIDIA NvDLISR;C:\WINDOWS\system32;C:\WINDOWS;C:\WINDOWS\System32\Wbem;C:\WINDOWS\System32\WindowsPowerShell\v1.0\;C:\WINDOWS\System32\OpenSSH\;C:\Program Files\Git\cmd;C:\Program Files\dotnet\;C:\xampp\mysql\bin;;C:\Program Files\Docker\Docker\resources\bin;C:\Program Files\nodejs\;C:\Users\Novita Azka Maghfira\AppData\Local\Microsoft\WindowsApps;;C:\Users\Novita Azka Maghfira\AppData\Local\Programs\Microsoft VS Code\bin;C:\Users\Novita Azka Maghfira\AppData\Roaming\npm
USERNAME=Novita Azka Maghfira
OS=Windows_NT
PROCESSOR_IDENTIFIER=AMD64 Family 25 Model 80 Stepping 0, AuthenticAMD



---------------  S Y S T E M  ---------------

OS: Windows 10 , 64 bit Build 22621 (10.0.22621.2215)
OS uptime: 17 days 6:36 hours
Hyper-V role detected

CPU:total 16 (initial active 16) (16 cores per cpu, 2 threads per core) family 25 model 80 stepping 0 microcode 0x0, cmov, cx8, fxsr, mmx, sse, sse2, sse3, ssse3, sse4.1, sse4.2, popcnt, avx, avx2, aes, clmul, erms, mmxext, 3dnowpref, lzcnt, sse4a, ht, tsc, tscinvbit, tscinv, bmi1, bmi2, adx, sha, fma

Memory: 4k page, system-wide physical 7584M (396M free)
TotalPageFile size 20083M (AvailPageFile size 5M)
current process WorkingSet (physical memory assigned to process): 248M, peak: 248M
current process commit charge ("private bytes"): 360M, peak: 361M

vm_info: OpenJDK 64-Bit Server VM (11.0.12+7-b1504.28-7817840) for windows-amd64 JRE (11.0.12+7-b1504.28-7817840), built on Oct 13 2021 22:12:33 by "builder" with MS VC++ 14.0 (VS2015)

END.
