#
# There is insufficient memory for the Java Runtime Environment to continue.
# Native memory allocation (mmap) failed to map 62914560 bytes for Failed to commit area from 0x0000000093800000 to 0x0000000097400000 of length 62914560.
# Possible reasons:
#   The system is out of physical RAM or swap space
#   The process is running with CompressedOops enabled, and the Java Heap may be blocking the growth of the native heap
# Possible solutions:
#   Reduce memory load on the system
#   Increase physical memory or swap space
#   Check if swap backing store is full
#   Decrease Java heap size (-Xmx/-Xms)
#   Decrease number of Java threads
#   Decrease Java thread stack sizes (-Xss)
#   Set larger code cache with -XX:ReservedCodeCacheSize=
#   JVM is running with Unscaled Compressed Oops mode in which the Java heap is
#     placed in the first 4GB address space. The Java Heap base address is the
#     maximum limit for the native heap growth. Please use -XX:HeapBaseMinAddress
#     to set the Java Heap base and to place the Java Heap above 4GB virtual address.
# This output file may be truncated or incomplete.
#
#  Out of Memory Error (./src/hotspot/os/windows/os_windows.cpp:3521), pid=22400, tid=35204
#
# JRE version: OpenJDK Runtime Environment (11.0.12+7) (build 11.0.12+7-b1504.28-7817840)
# Java VM: OpenJDK 64-Bit Server VM (11.0.12+7-b1504.28-7817840, mixed mode, tiered, compressed oops, g1 gc, windows-amd64)
# No core dump will be written. Minidumps are not enabled by default on client versions of Windows
#

---------------  S U M M A R Y ------------

Command Line: org.jetbrains.kotlin.cli.jvm.K2JVMCompiler @C:\Users\Novita Azka Maghfira\ukk\app\build\20231005_7752167402161053053.compiler.options

Host: AMD Ryzen 7 5800H with Radeon Graphics         , 16 cores, 7G,  Windows 10 , 64 bit Build 22621 (10.0.22621.2215)
Time: Thu Oct  5 14:11:04 2023 SE Asia Standard Time elapsed time: 6.030289 seconds (0d 0h 0m 6s)

---------------  T H R E A D  ---------------

Current thread (0x00000263572d2800):  VMThread "VM Thread" [stack: 0x000000fe20000000,0x000000fe20100000] [id=35204]

Stack: [0x000000fe20000000,0x000000fe20100000]
[error occurred during error reporting (printing stack bounds), id 0xc0000005, EXCEPTION_ACCESS_VIOLATION (0xc0000005) at pc=0x000002633fbd112d]

Native frames: (J=compiled Java code, j=interpreted, Vv=VM code, C=native code)
V  [jvm.dll+0x5fbcea]
V  [jvm.dll+0x731905]
V  [jvm.dll+0x732f1d]
V  [jvm.dll+0x733535]
V  [jvm.dll+0x7334eb]
V  [jvm.dll+0x5fb080]
V  [jvm.dll+0x5fb818]
C  [ntdll.dll+0xa3dff]
C  [ntdll.dll+0x1e456]
C  [ntdll.dll+0xa2dee]
C  0x000002633fbd112d

VM_Operation (0x000000fe1faf6080): CollectForMetadataAllocation, mode: safepoint, requested by thread 0x0000026339f9e000


---------------  P R O C E S S  ---------------

Threads class SMR info:
_java_thread_list=0x000002635d59b500, length=15, elements={
0x0000026339f9e000, 0x0000026356abd000, 0x0000026356abe800, 0x00000263572d7000,
0x00000263572d8000, 0x00000263572d9800, 0x00000263572dc800, 0x00000263572dd800,
0x000002635732e800, 0x00000263574b5800, 0x000002635732e000, 0x00000263574d3800,
0x000002635797f000, 0x0000026357984800, 0x000002635a7ca800
}

Java Threads: ( => current thread )
  0x0000026339f9e000 JavaThread "main" [_thread_blocked, id=4268, stack(0x000000fe1fa00000,0x000000fe1fb00000)]
  0x0000026356abd000 JavaThread "Reference Handler" daemon [_thread_blocked, id=29840, stack(0x000000fe20100000,0x000000fe20200000)]
  0x0000026356abe800 JavaThread "Finalizer" daemon [_thread_blocked, id=9580, stack(0x000000fe20200000,0x000000fe20300000)]
  0x00000263572d7000 JavaThread "Signal Dispatcher" daemon [_thread_blocked, id=17136, stack(0x000000fe20300000,0x000000fe20400000)]
  0x00000263572d8000 JavaThread "Attach Listener" daemon [_thread_blocked, id=34108, stack(0x000000fe20400000,0x000000fe20500000)]
  0x00000263572d9800 JavaThread "Service Thread" daemon [_thread_blocked, id=35124, stack(0x000000fe20500000,0x000000fe20600000)]
  0x00000263572dc800 JavaThread "C2 CompilerThread0" daemon [_thread_blocked, id=34136, stack(0x000000fe20600000,0x000000fe20700000)]
  0x00000263572dd800 JavaThread "C1 CompilerThread0" daemon [_thread_blocked, id=11256, stack(0x000000fe20700000,0x000000fe20800000)]
  0x000002635732e800 JavaThread "Sweeper thread" daemon [_thread_blocked, id=26340, stack(0x000000fe20800000,0x000000fe20900000)]
  0x00000263574b5800 JavaThread "C1 CompilerThread1" daemon [_thread_blocked, id=35568, stack(0x000000fe20900000,0x000000fe20a00000)]
  0x000002635732e000 JavaThread "Common-Cleaner" daemon [_thread_blocked, id=22472, stack(0x000000fe20b00000,0x000000fe20c00000)]
  0x00000263574d3800 JavaThread "C2 CompilerThread1" daemon [_thread_blocked, id=35060, stack(0x000000fe20c00000,0x000000fe20d00000)]
  0x000002635797f000 JavaThread "C1 CompilerThread2" daemon [_thread_blocked, id=29252, stack(0x000000fe20d00000,0x000000fe20e00000)]
  0x0000026357984800 JavaThread "C1 CompilerThread3" daemon [_thread_blocked, id=30340, stack(0x000000fe20e00000,0x000000fe20f00000)]
  0x000002635a7ca800 JavaThread "C2 CompilerThread2" daemon [_thread_blocked, id=17540, stack(0x000000fe21200000,0x000000fe21300000)]

Other Threads:
=>0x00000263572d2800 VMThread "VM Thread" [stack: 0x000000fe20000000,0x000000fe20100000] [id=35204]
  0x00000263574bd800 WatcherThread [stack: 0x000000fe20a00000,0x000000fe20b00000] [id=19488]
  0x000002633c0e1800 GCTaskThread "GC Thread#0" [stack: 0x000000fe1fb00000,0x000000fe1fc00000] [id=35156]
  0x0000026357ae6000 GCTaskThread "GC Thread#1" [stack: 0x000000fe20f00000,0x000000fe21000000] [id=30204]
  0x000002635c433800 GCTaskThread "GC Thread#2" [stack: 0x000000fe21300000,0x000000fe21400000] [id=14888]
  0x000002633c111000 ConcurrentGCThread "G1 Main Marker" [stack: 0x000000fe1fc00000,0x000000fe1fd00000] [id=6232]
  0x000002633c112800 ConcurrentGCThread "G1 Conc#0" [stack: 0x000000fe1fd00000,0x000000fe1fe00000] [id=23824]
  0x0000026357f2f000 ConcurrentGCThread "G1 Conc#1" [stack: 0x000000fe21000000,0x000000fe21100000] [id=29288]
  0x0000026357f29000 ConcurrentGCThread "G1 Conc#2" [stack: 0x000000fe21100000,0x000000fe21200000] [id=5100]
  0x000002633c19e800 ConcurrentGCThread "G1 Refine#0" [stack: 0x000000fe1fe00000,0x000000fe1ff00000] [id=35336]
  0x000002635d787800 ConcurrentGCThread "G1 Refine#1" [stack: 0x000000fe21400000,0x000000fe21500000] [id=19624]
  0x000002635a47b800 ConcurrentGCThread "G1 Refine#2" [stack: 0x000000fe21500000,0x000000fe21600000] [id=8776]
  0x000002635a47c000 ConcurrentGCThread "G1 Refine#3" [stack: 0x000000fe21600000,0x000000fe21700000] [id=34964]
  0x000002635a47d000 ConcurrentGCThread "G1 Refine#4" [stack: 0x000000fe21700000,0x000000fe21800000] [id=35280]
  0x000002635d77c000 ConcurrentGCThread "G1 Refine#5" [stack: 0x000000fe21800000,0x000000fe21900000] [id=35340]
  0x000002635d77d000 ConcurrentGCThread "G1 Refine#6" [stack: 0x000000fe21900000,0x000000fe21a00000] [id=1056]
  0x000002635d77d800 ConcurrentGCThread "G1 Refine#7" [stack: 0x000000fe21a00000,0x000000fe21b00000] [id=34012]
  0x000002635db25800 ConcurrentGCThread "G1 Refine#8" [stack: 0x000000fe21b00000,0x000000fe21c00000] [id=6228]
  0x00000263568ef800 ConcurrentGCThread "G1 Young RemSet Sampling" [stack: 0x000000fe1ff00000,0x000000fe20000000] [id=35688]

Threads with active compile tasks:
C2 CompilerThread0   6041 8202       4       org.jetbrains.kotlin.cli.jvm.index.JvmDependenciesIndexImpl::search (379 bytes)
C1 CompilerThread0   6041 8237       3       java.lang.invoke.AbstractValidatingLambdaMetafactory::validateMetafactoryArgs (607 bytes)
C1 CompilerThread1   6041 8219   !   3       java.lang.invoke.BootstrapMethodInvoker::invoke (688 bytes)
C2 CompilerThread1   6041 8212       4       jdk.internal.org.objectweb.asm.Item::isEqualTo (354 bytes)
C1 CompilerThread2   6041 8239       3       java.lang.invoke.AbstractValidatingLambdaMetafactory::checkDescriptor (133 bytes)
C1 CompilerThread3   6041 8233       3       java.lang.invoke.InnerClassLambdaMetafactory::<init> (240 bytes)
C2 CompilerThread2   6041 8211       4       jdk.internal.loader.BuiltinClassLoader::loadClass (22 bytes)

VM state:at safepoint (normal execution)

VM Mutex/Monitor currently owned by a thread:  ([mutex/lock_event])
[0x0000026339f9be40] Threads_lock - owner thread: 0x00000263572d2800
[0x0000026339f9bc90] Heap_lock - owner thread: 0x0000026339f9e000

Heap address: 0x0000000089600000, size: 1898 MB, Compressed Oops mode: 32-bit
Narrow klass base: 0x0000000000000000, Narrow klass shift: 3
Compressed class space size: 1073741824 Address: 0x0000000100000000

Heap:
 garbage-first heap   total 227328K, used 50452K [0x0000000089600000, 0x0000000100000000)
  region size 1024K, 5 young (5120K), 5 survivors (5120K)
 Metaspace       used 59437K, capacity 60129K, committed 60160K, reserved 1101824K
  class space    used 6599K, capacity 6881K, committed 6912K, reserved 1048576K
Heap Regions: E=young(eden), S=young(survivor), O=old, HS=humongous(starts), HC=humongous(continues), CS=collection set, F=free, A=archive, TAMS=top-at-mark-start (previous, next)
|   0|0x0000000089600000, 0x0000000089700000, 0x0000000089700000|100%|HS|  |TAMS 0x0000000089700000, 0x0000000089700000| Complete 
|   1|0x0000000089700000, 0x0000000089800000, 0x0000000089800000|100%|HC|  |TAMS 0x0000000089800000, 0x0000000089800000| Complete 
|   2|0x0000000089800000, 0x0000000089900000, 0x0000000089900000|100%|HC|  |TAMS 0x0000000089900000, 0x0000000089900000| Complete 
|   3|0x0000000089900000, 0x0000000089a00000, 0x0000000089a00000|100%| O|  |TAMS 0x0000000089a00000, 0x0000000089a00000| Untracked 
|   4|0x0000000089a00000, 0x0000000089b00000, 0x0000000089b00000|100%| O|  |TAMS 0x0000000089b00000, 0x0000000089b00000| Untracked 
|   5|0x0000000089b00000, 0x0000000089c00000, 0x0000000089c00000|100%|HS|  |TAMS 0x0000000089c00000, 0x0000000089c00000| Complete 
|   6|0x0000000089c00000, 0x0000000089d00000, 0x0000000089d00000|100%|HC|  |TAMS 0x0000000089d00000, 0x0000000089d00000| Complete 
|   7|0x0000000089d00000, 0x0000000089e00000, 0x0000000089e00000|100%|HC|  |TAMS 0x0000000089e00000, 0x0000000089e00000| Complete 
|   8|0x0000000089e00000, 0x0000000089f00000, 0x0000000089f00000|100%|HS|  |TAMS 0x0000000089e00000, 0x0000000089f00000| Complete 
|   9|0x0000000089f00000, 0x000000008a000000, 0x000000008a000000|100%|HC|  |TAMS 0x0000000089f00000, 0x000000008a000000| Complete 
|  10|0x000000008a000000, 0x000000008a100000, 0x000000008a100000|100%| O|  |TAMS 0x000000008a100000, 0x000000008a100000| Untracked 
|  11|0x000000008a100000, 0x000000008a200000, 0x000000008a200000|100%| O|  |TAMS 0x000000008a200000, 0x000000008a200000| Untracked 
|  12|0x000000008a200000, 0x000000008a300000, 0x000000008a300000|100%| O|  |TAMS 0x000000008a300000, 0x000000008a300000| Untracked 
|  13|0x000000008a300000, 0x000000008a400000, 0x000000008a400000|100%| O|  |TAMS 0x000000008a400000, 0x000000008a400000| Untracked 
|  14|0x000000008a400000, 0x000000008a500000, 0x000000008a500000|100%| O|  |TAMS 0x000000008a500000, 0x000000008a500000| Untracked 
|  15|0x000000008a500000, 0x000000008a600000, 0x000000008a600000|100%| O|  |TAMS 0x000000008a600000, 0x000000008a600000| Untracked 
|  16|0x000000008a600000, 0x000000008a700000, 0x000000008a700000|100%| O|  |TAMS 0x000000008a700000, 0x000000008a700000| Untracked 
|  17|0x000000008a700000, 0x000000008a800000, 0x000000008a800000|100%| O|  |TAMS 0x000000008a800000, 0x000000008a800000| Untracked 
|  18|0x000000008a800000, 0x000000008a900000, 0x000000008a900000|100%| O|  |TAMS 0x000000008a900000, 0x000000008a900000| Untracked 
|  19|0x000000008a900000, 0x000000008aa00000, 0x000000008aa00000|100%| O|  |TAMS 0x000000008aa00000, 0x000000008aa00000| Untracked 
|  20|0x000000008aa00000, 0x000000008ab00000, 0x000000008ab00000|100%| O|  |TAMS 0x000000008aabac00, 0x000000008ab00000| Untracked 
|  21|0x000000008ab00000, 0x000000008ac00000, 0x000000008ac00000|100%| O|  |TAMS 0x000000008ab00000, 0x000000008ac00000| Untracked 
|  22|0x000000008ac00000, 0x000000008ad00000, 0x000000008ad00000|100%| O|  |TAMS 0x000000008ac00000, 0x000000008ad00000| Untracked 
|  23|0x000000008ad00000, 0x000000008ae00000, 0x000000008ae00000|100%| O|  |TAMS 0x000000008ad00000, 0x000000008ae00000| Untracked 
|  24|0x000000008ae00000, 0x000000008af00000, 0x000000008af00000|100%| O|  |TAMS 0x000000008ae00000, 0x000000008af00000| Untracked 
|  25|0x000000008af00000, 0x000000008b000000, 0x000000008b000000|100%| O|  |TAMS 0x000000008af00000, 0x000000008b000000| Untracked 
|  26|0x000000008b000000, 0x000000008b100000, 0x000000008b100000|100%| O|  |TAMS 0x000000008b000000, 0x000000008b100000| Untracked 
|  27|0x000000008b100000, 0x000000008b200000, 0x000000008b200000|100%| O|  |TAMS 0x000000008b100000, 0x000000008b200000| Untracked 
|  28|0x000000008b200000, 0x000000008b300000, 0x000000008b300000|100%| O|  |TAMS 0x000000008b200000, 0x000000008b300000| Untracked 
|  29|0x000000008b300000, 0x000000008b400000, 0x000000008b400000|100%| O|  |TAMS 0x000000008b300000, 0x000000008b400000| Untracked 
|  30|0x000000008b400000, 0x000000008b500000, 0x000000008b500000|100%| O|  |TAMS 0x000000008b400000, 0x000000008b500000| Untracked 
|  31|0x000000008b500000, 0x000000008b600000, 0x000000008b600000|100%| O|  |TAMS 0x000000008b500000, 0x000000008b600000| Untracked 
|  32|0x000000008b600000, 0x000000008b700000, 0x000000008b700000|100%| O|  |TAMS 0x000000008b600000, 0x000000008b700000| Untracked 
|  33|0x000000008b700000, 0x000000008b800000, 0x000000008b800000|100%| O|  |TAMS 0x000000008b700000, 0x000000008b800000| Untracked 
|  34|0x000000008b800000, 0x000000008b900000, 0x000000008b900000|100%| O|  |TAMS 0x000000008b800000, 0x000000008b900000| Untracked 
|  35|0x000000008b900000, 0x000000008ba00000, 0x000000008ba00000|100%| O|  |TAMS 0x000000008b900000, 0x000000008ba00000| Untracked 
|  36|0x000000008ba00000, 0x000000008bb00000, 0x000000008bb00000|100%| O|  |TAMS 0x000000008ba00000, 0x000000008bb00000| Untracked 
|  37|0x000000008bb00000, 0x000000008bc00000, 0x000000008bc00000|100%| O|  |TAMS 0x000000008bb00000, 0x000000008bc00000| Untracked 
|  38|0x000000008bc00000, 0x000000008bd00000, 0x000000008bd00000|100%| O|  |TAMS 0x000000008bc00000, 0x000000008bd00000| Untracked 
|  39|0x000000008bd00000, 0x000000008be00000, 0x000000008be00000|100%| O|  |TAMS 0x000000008bd00000, 0x000000008be00000| Untracked 
|  40|0x000000008be00000, 0x000000008bf00000, 0x000000008bf00000|100%| O|  |TAMS 0x000000008be00000, 0x000000008bf00000| Untracked 
|  41|0x000000008bf00000, 0x000000008c000000, 0x000000008c000000|100%| O|  |TAMS 0x000000008bf00000, 0x000000008c000000| Untracked 
|  42|0x000000008c000000, 0x000000008c100000, 0x000000008c100000|100%| O|  |TAMS 0x000000008c000000, 0x000000008c100000| Untracked 
|  43|0x000000008c100000, 0x000000008c200000, 0x000000008c200000|100%| O|  |TAMS 0x000000008c100000, 0x000000008c200000| Untracked 
|  44|0x000000008c200000, 0x000000008c300000, 0x000000008c300000|100%| O|  |TAMS 0x000000008c200000, 0x000000008c300000| Untracked 
|  45|0x000000008c300000, 0x000000008c300000, 0x000000008c400000|  0%| F|  |TAMS 0x000000008c300000, 0x000000008c300000| Untracked 
|  46|0x000000008c400000, 0x000000008c400000, 0x000000008c500000|  0%| F|  |TAMS 0x000000008c400000, 0x000000008c400000| Untracked 
|  47|0x000000008c500000, 0x000000008c500000, 0x000000008c600000|  0%| F|  |TAMS 0x000000008c500000, 0x000000008c500000| Untracked 
|  48|0x000000008c600000, 0x000000008c600000, 0x000000008c700000|  0%| F|  |TAMS 0x000000008c600000, 0x000000008c600000| Untracked 
|  49|0x000000008c700000, 0x000000008c700000, 0x000000008c800000|  0%| F|  |TAMS 0x000000008c700000, 0x000000008c700000| Untracked 
|  50|0x000000008c800000, 0x000000008c800000, 0x000000008c900000|  0%| F|  |TAMS 0x000000008c800000, 0x000000008c800000| Untracked 
|  51|0x000000008c900000, 0x000000008c900000, 0x000000008ca00000|  0%| F|  |TAMS 0x000000008c900000, 0x000000008c900000| Untracked 
|  52|0x000000008ca00000, 0x000000008ca00000, 0x000000008cb00000|  0%| F|  |TAMS 0x000000008ca00000, 0x000000008ca00000| Untracked 
|  53|0x000000008cb00000, 0x000000008cb00000, 0x000000008cc00000|  0%| F|  |TAMS 0x000000008cb00000, 0x000000008cb00000| Untracked 
|  54|0x000000008cc00000, 0x000000008cc00000, 0x000000008cd00000|  0%| F|  |TAMS 0x000000008cc00000, 0x000000008cc00000| Untracked 
|  55|0x000000008cd00000, 0x000000008cd00000, 0x000000008ce00000|  0%| F|  |TAMS 0x000000008cd00000, 0x000000008cd00000| Untracked 
|  56|0x000000008ce00000, 0x000000008ce00000, 0x000000008cf00000|  0%| F|  |TAMS 0x000000008ce00000, 0x000000008ce00000| Untracked 
|  57|0x000000008cf00000, 0x000000008cf00000, 0x000000008d000000|  0%| F|  |TAMS 0x000000008cf00000, 0x000000008cf00000| Untracked 
|  58|0x000000008d000000, 0x000000008d000000, 0x000000008d100000|  0%| F|  |TAMS 0x000000008d000000, 0x000000008d000000| Untracked 
|  59|0x000000008d100000, 0x000000008d100000, 0x000000008d200000|  0%| F|  |TAMS 0x000000008d100000, 0x000000008d100000| Untracked 
|  60|0x000000008d200000, 0x000000008d200000, 0x000000008d300000|  0%| F|  |TAMS 0x000000008d200000, 0x000000008d200000| Untracked 
|  61|0x000000008d300000, 0x000000008d300000, 0x000000008d400000|  0%| F|  |TAMS 0x000000008d300000, 0x000000008d300000| Untracked 
|  62|0x000000008d400000, 0x000000008d400000, 0x000000008d500000|  0%| F|  |TAMS 0x000000008d400000, 0x000000008d400000| Untracked 
|  63|0x000000008d500000, 0x000000008d500000, 0x000000008d600000|  0%| F|  |TAMS 0x000000008d500000, 0x000000008d500000| Untracked 
|  64|0x000000008d600000, 0x000000008d600000, 0x000000008d700000|  0%| F|  |TAMS 0x000000008d600000, 0x000000008d600000| Untracked 
|  65|0x000000008d700000, 0x000000008d700000, 0x000000008d800000|  0%| F|  |TAMS 0x000000008d700000, 0x000000008d700000| Untracked 
|  66|0x000000008d800000, 0x000000008d800000, 0x000000008d900000|  0%| F|  |TAMS 0x000000008d800000, 0x000000008d800000| Untracked 
|  67|0x000000008d900000, 0x000000008d900000, 0x000000008da00000|  0%| F|  |TAMS 0x000000008d900000, 0x000000008d900000| Untracked 
|  68|0x000000008da00000, 0x000000008da00000, 0x000000008db00000|  0%| F|  |TAMS 0x000000008da00000, 0x000000008da00000| Untracked 
|  69|0x000000008db00000, 0x000000008db00000, 0x000000008dc00000|  0%| F|  |TAMS 0x000000008db00000, 0x000000008db00000| Untracked 
|  70|0x000000008dc00000, 0x000000008dc00000, 0x000000008dd00000|  0%| F|  |TAMS 0x000000008dc00000, 0x000000008dc00000| Untracked 
|  71|0x000000008dd00000, 0x000000008dd00000, 0x000000008de00000|  0%| F|  |TAMS 0x000000008dd00000, 0x000000008dd00000| Untracked 
|  72|0x000000008de00000, 0x000000008de00000, 0x000000008df00000|  0%| F|  |TAMS 0x000000008de00000, 0x000000008de00000| Untracked 
|  73|0x000000008df00000, 0x000000008df00000, 0x000000008e000000|  0%| F|  |TAMS 0x000000008df00000, 0x000000008df00000| Untracked 
|  74|0x000000008e000000, 0x000000008e000000, 0x000000008e100000|  0%| F|  |TAMS 0x000000008e000000, 0x000000008e000000| Untracked 
|  75|0x000000008e100000, 0x000000008e100000, 0x000000008e200000|  0%| F|  |TAMS 0x000000008e100000, 0x000000008e100000| Untracked 
|  76|0x000000008e200000, 0x000000008e200000, 0x000000008e300000|  0%| F|  |TAMS 0x000000008e200000, 0x000000008e200000| Untracked 
|  77|0x000000008e300000, 0x000000008e300000, 0x000000008e400000|  0%| F|  |TAMS 0x000000008e300000, 0x000000008e300000| Untracked 
|  78|0x000000008e400000, 0x000000008e400000, 0x000000008e500000|  0%| F|  |TAMS 0x000000008e400000, 0x000000008e400000| Untracked 
|  79|0x000000008e500000, 0x000000008e500000, 0x000000008e600000|  0%| F|  |TAMS 0x000000008e500000, 0x000000008e500000| Untracked 
|  80|0x000000008e600000, 0x000000008e600000, 0x000000008e700000|  0%| F|  |TAMS 0x000000008e600000, 0x000000008e600000| Untracked 
|  81|0x000000008e700000, 0x000000008e700000, 0x000000008e800000|  0%| F|  |TAMS 0x000000008e700000, 0x000000008e700000| Untracked 
|  82|0x000000008e800000, 0x000000008e800000, 0x000000008e900000|  0%| F|  |TAMS 0x000000008e800000, 0x000000008e800000| Untracked 
|  83|0x000000008e900000, 0x000000008e900000, 0x000000008ea00000|  0%| F|  |TAMS 0x000000008e900000, 0x000000008e900000| Untracked 
|  84|0x000000008ea00000, 0x000000008ea00000, 0x000000008eb00000|  0%| F|  |TAMS 0x000000008ea00000, 0x000000008ea00000| Untracked 
|  85|0x000000008eb00000, 0x000000008eb00000, 0x000000008ec00000|  0%| F|  |TAMS 0x000000008eb00000, 0x000000008eb00000| Untracked 
|  86|0x000000008ec00000, 0x000000008ec00000, 0x000000008ed00000|  0%| F|  |TAMS 0x000000008ec00000, 0x000000008ec00000| Untracked 
|  87|0x000000008ed00000, 0x000000008ed00000, 0x000000008ee00000|  0%| F|  |TAMS 0x000000008ed00000, 0x000000008ed00000| Untracked 
|  88|0x000000008ee00000, 0x000000008ee00000, 0x000000008ef00000|  0%| F|  |TAMS 0x000000008ee00000, 0x000000008ee00000| Untracked 
|  89|0x000000008ef00000, 0x000000008ef00000, 0x000000008f000000|  0%| F|  |TAMS 0x000000008ef00000, 0x000000008ef00000| Untracked 
|  90|0x000000008f000000, 0x000000008f000000, 0x000000008f100000|  0%| F|  |TAMS 0x000000008f000000, 0x000000008f000000| Untracked 
|  91|0x000000008f100000, 0x000000008f100000, 0x000000008f200000|  0%| F|  |TAMS 0x000000008f100000, 0x000000008f100000| Untracked 
|  92|0x000000008f200000, 0x000000008f200000, 0x000000008f300000|  0%| F|  |TAMS 0x000000008f200000, 0x000000008f200000| Untracked 
|  93|0x000000008f300000, 0x000000008f300000, 0x000000008f400000|  0%| F|  |TAMS 0x000000008f300000, 0x000000008f300000| Untracked 
|  94|0x000000008f400000, 0x000000008f400000, 0x000000008f500000|  0%| F|  |TAMS 0x000000008f400000, 0x000000008f400000| Untracked 
|  95|0x000000008f500000, 0x000000008f500000, 0x000000008f600000|  0%| F|  |TAMS 0x000000008f500000, 0x000000008f500000| Untracked 
|  96|0x000000008f600000, 0x000000008f600000, 0x000000008f700000|  0%| F|  |TAMS 0x000000008f600000, 0x000000008f600000| Untracked 
|  97|0x000000008f700000, 0x000000008f700000, 0x000000008f800000|  0%| F|  |TAMS 0x000000008f700000, 0x000000008f700000| Untracked 
|  98|0x000000008f800000, 0x000000008f800000, 0x000000008f900000|  0%| F|  |TAMS 0x000000008f800000, 0x000000008f800000| Untracked 
|  99|0x000000008f900000, 0x000000008f900000, 0x000000008fa00000|  0%| F|  |TAMS 0x000000008f900000, 0x000000008f900000| Untracked 
| 100|0x000000008fa00000, 0x000000008fa00000, 0x000000008fb00000|  0%| F|  |TAMS 0x000000008fa00000, 0x000000008fa00000| Untracked 
| 101|0x000000008fb00000, 0x000000008fb00000, 0x000000008fc00000|  0%| F|  |TAMS 0x000000008fb00000, 0x000000008fb00000| Untracked 
| 102|0x000000008fc00000, 0x000000008fc00000, 0x000000008fd00000|  0%| F|  |TAMS 0x000000008fc00000, 0x000000008fc00000| Untracked 
| 103|0x000000008fd00000, 0x000000008fd00000, 0x000000008fe00000|  0%| F|  |TAMS 0x000000008fd00000, 0x000000008fd00000| Untracked 
| 104|0x000000008fe00000, 0x000000008fe00000, 0x000000008ff00000|  0%| F|  |TAMS 0x000000008fe00000, 0x000000008fe00000| Untracked 
| 105|0x000000008ff00000, 0x000000008ff00000, 0x0000000090000000|  0%| F|  |TAMS 0x000000008ff00000, 0x000000008ff00000| Untracked 
| 106|0x0000000090000000, 0x0000000090000000, 0x0000000090100000|  0%| F|  |TAMS 0x0000000090000000, 0x0000000090000000| Untracked 
| 107|0x0000000090100000, 0x0000000090100000, 0x0000000090200000|  0%| F|  |TAMS 0x0000000090100000, 0x0000000090100000| Untracked 
| 108|0x0000000090200000, 0x0000000090200000, 0x0000000090300000|  0%| F|  |TAMS 0x0000000090200000, 0x0000000090200000| Untracked 
| 109|0x0000000090300000, 0x0000000090300000, 0x0000000090400000|  0%| F|  |TAMS 0x0000000090300000, 0x0000000090300000| Untracked 
| 110|0x0000000090400000, 0x0000000090400000, 0x0000000090500000|  0%| F|  |TAMS 0x0000000090400000, 0x0000000090400000| Untracked 
| 111|0x0000000090500000, 0x0000000090500000, 0x0000000090600000|  0%| F|  |TAMS 0x0000000090500000, 0x0000000090500000| Untracked 
| 112|0x0000000090600000, 0x0000000090600000, 0x0000000090700000|  0%| F|  |TAMS 0x0000000090600000, 0x0000000090600000| Untracked 
| 113|0x0000000090700000, 0x0000000090700000, 0x0000000090800000|  0%| F|  |TAMS 0x0000000090700000, 0x0000000090700000| Untracked 
| 114|0x0000000090800000, 0x0000000090800000, 0x0000000090900000|  0%| F|  |TAMS 0x0000000090800000, 0x0000000090800000| Untracked 
| 115|0x0000000090900000, 0x0000000090900000, 0x0000000090a00000|  0%| F|  |TAMS 0x0000000090900000, 0x0000000090900000| Untracked 
| 116|0x0000000090a00000, 0x0000000090a00000, 0x0000000090b00000|  0%| F|  |TAMS 0x0000000090a00000, 0x0000000090a00000| Untracked 
| 117|0x0000000090b00000, 0x0000000090b00000, 0x0000000090c00000|  0%| F|  |TAMS 0x0000000090b00000, 0x0000000090b00000| Untracked 
| 118|0x0000000090c00000, 0x0000000090c00000, 0x0000000090d00000|  0%| F|  |TAMS 0x0000000090c00000, 0x0000000090c00000| Untracked 
| 119|0x0000000090d00000, 0x0000000090d00000, 0x0000000090e00000|  0%| F|  |TAMS 0x0000000090d00000, 0x0000000090d00000| Untracked 
| 120|0x0000000090e00000, 0x0000000090e00000, 0x0000000090f00000|  0%| F|  |TAMS 0x0000000090e00000, 0x0000000090e00000| Untracked 
| 121|0x0000000090f00000, 0x0000000090f00000, 0x0000000091000000|  0%| F|  |TAMS 0x0000000090f00000, 0x0000000090f00000| Untracked 
| 122|0x0000000091000000, 0x0000000091000000, 0x0000000091100000|  0%| F|  |TAMS 0x0000000091000000, 0x0000000091000000| Untracked 
| 123|0x0000000091100000, 0x0000000091100000, 0x0000000091200000|  0%| F|  |TAMS 0x0000000091100000, 0x0000000091100000| Untracked 
| 124|0x0000000091200000, 0x0000000091200000, 0x0000000091300000|  0%| F|  |TAMS 0x0000000091200000, 0x0000000091200000| Untracked 
| 125|0x0000000091300000, 0x0000000091300000, 0x0000000091400000|  0%| F|  |TAMS 0x0000000091300000, 0x0000000091300000| Untracked 
| 126|0x0000000091400000, 0x0000000091400000, 0x0000000091500000|  0%| F|  |TAMS 0x0000000091400000, 0x0000000091400000| Untracked 
| 127|0x0000000091500000, 0x0000000091500000, 0x0000000091600000|  0%| F|  |TAMS 0x0000000091500000, 0x0000000091500000| Untracked 
| 128|0x0000000091600000, 0x0000000091600000, 0x0000000091700000|  0%| F|  |TAMS 0x0000000091600000, 0x0000000091600000| Untracked 
| 129|0x0000000091700000, 0x0000000091700000, 0x0000000091800000|  0%| F|  |TAMS 0x0000000091700000, 0x0000000091700000| Untracked 
| 130|0x0000000091800000, 0x0000000091800000, 0x0000000091900000|  0%| F|  |TAMS 0x0000000091800000, 0x0000000091800000| Untracked 
| 131|0x0000000091900000, 0x0000000091900000, 0x0000000091a00000|  0%| F|  |TAMS 0x0000000091900000, 0x0000000091900000| Untracked 
| 132|0x0000000091a00000, 0x0000000091a00000, 0x0000000091b00000|  0%| F|  |TAMS 0x0000000091a00000, 0x0000000091a00000| Untracked 
| 133|0x0000000091b00000, 0x0000000091b00000, 0x0000000091c00000|  0%| F|  |TAMS 0x0000000091b00000, 0x0000000091b00000| Untracked 
| 134|0x0000000091c00000, 0x0000000091c00000, 0x0000000091d00000|  0%| F|  |TAMS 0x0000000091c00000, 0x0000000091c00000| Untracked 
| 135|0x0000000091d00000, 0x0000000091d00000, 0x0000000091e00000|  0%| F|  |TAMS 0x0000000091d00000, 0x0000000091d00000| Untracked 
| 136|0x0000000091e00000, 0x0000000091e00000, 0x0000000091f00000|  0%| F|  |TAMS 0x0000000091e00000, 0x0000000091e00000| Untracked 
| 137|0x0000000091f00000, 0x0000000091f00000, 0x0000000092000000|  0%| F|  |TAMS 0x0000000091f00000, 0x0000000091f00000| Untracked 
| 138|0x0000000092000000, 0x0000000092000000, 0x0000000092100000|  0%| F|  |TAMS 0x0000000092000000, 0x0000000092000000| Untracked 
| 139|0x0000000092100000, 0x0000000092100000, 0x0000000092200000|  0%| F|  |TAMS 0x0000000092100000, 0x0000000092100000| Untracked 
| 140|0x0000000092200000, 0x0000000092200000, 0x0000000092300000|  0%| F|  |TAMS 0x0000000092200000, 0x0000000092200000| Untracked 
| 141|0x0000000092300000, 0x0000000092300000, 0x0000000092400000|  0%| F|  |TAMS 0x0000000092300000, 0x0000000092300000| Untracked 
| 142|0x0000000092400000, 0x0000000092445388, 0x0000000092500000| 27%| S|CS|TAMS 0x0000000092400000, 0x0000000092400000| Complete 
| 143|0x0000000092500000, 0x0000000092600000, 0x0000000092600000|100%| S|CS|TAMS 0x0000000092500000, 0x0000000092500000| Complete 
| 144|0x0000000092600000, 0x0000000092700000, 0x0000000092700000|100%| S|CS|TAMS 0x0000000092600000, 0x0000000092600000| Complete 
| 145|0x0000000092700000, 0x0000000092800000, 0x0000000092800000|100%| S|CS|TAMS 0x0000000092700000, 0x0000000092700000| Complete 
| 146|0x0000000092800000, 0x0000000092900000, 0x0000000092900000|100%| S|CS|TAMS 0x0000000092800000, 0x0000000092800000| Complete 
| 147|0x0000000092900000, 0x0000000092900000, 0x0000000092a00000|  0%| F|  |TAMS 0x0000000092900000, 0x0000000092900000| Untracked 
| 148|0x0000000092a00000, 0x0000000092a00000, 0x0000000092b00000|  0%| F|  |TAMS 0x0000000092a00000, 0x0000000092a00000| Untracked 
| 149|0x0000000092b00000, 0x0000000092b00000, 0x0000000092c00000|  0%| F|  |TAMS 0x0000000092b00000, 0x0000000092b00000| Untracked 
| 150|0x0000000092c00000, 0x0000000092c00000, 0x0000000092d00000|  0%| F|  |TAMS 0x0000000092c00000, 0x0000000092c00000| Untracked 
| 151|0x0000000092d00000, 0x0000000092d00000, 0x0000000092e00000|  0%| F|  |TAMS 0x0000000092d00000, 0x0000000092d00000| Untracked 
| 152|0x0000000092e00000, 0x0000000092e00000, 0x0000000092f00000|  0%| F|  |TAMS 0x0000000092e00000, 0x0000000092e00000| Untracked 
| 153|0x0000000092f00000, 0x0000000092f00000, 0x0000000093000000|  0%| F|  |TAMS 0x0000000092f00000, 0x0000000092f00000| Untracked 
| 154|0x0000000093000000, 0x0000000093000000, 0x0000000093100000|  0%| F|  |TAMS 0x0000000093000000, 0x0000000093000000| Untracked 
| 155|0x0000000093100000, 0x0000000093100000, 0x0000000093200000|  0%| F|  |TAMS 0x0000000093100000, 0x0000000093100000| Untracked 
| 156|0x0000000093200000, 0x0000000093200000, 0x0000000093300000|  0%| F|  |TAMS 0x0000000093200000, 0x0000000093200000| Untracked 
| 157|0x0000000093300000, 0x0000000093300000, 0x0000000093400000|  0%| F|  |TAMS 0x0000000093300000, 0x0000000093300000| Untracked 
| 158|0x0000000093400000, 0x0000000093400000, 0x0000000093500000|  0%| F|  |TAMS 0x0000000093400000, 0x0000000093400000| Untracked 
| 159|0x0000000093500000, 0x0000000093500000, 0x0000000093600000|  0%| F|  |TAMS 0x0000000093500000, 0x0000000093500000| Untracked 
| 160|0x0000000093600000, 0x0000000093600000, 0x0000000093700000|  0%| F|  |TAMS 0x0000000093600000, 0x0000000093600000| Untracked 
| 161|0x0000000093700000, 0x0000000093700000, 0x0000000093800000|  0%| F|  |TAMS 0x0000000093700000, 0x0000000093700000| Untracked 

Card table byte_map: [0x000002634f820000,0x000002634fbe0000] _byte_map_base: 0x000002634f3d5000

Marking Bits (Prev, Next): (CMBitMap*) 0x000002633c108d78, (CMBitMap*) 0x000002633c108db0
 Prev Bits: [0x000002634ffa0000, 0x0000026351d48000)
 Next Bits: [0x0000026351d50000, 0x0000026353af8000)

Polling page: 0x000002633a020000

Metaspace:

Usage:
  Non-class:     52.00 MB capacity,    51.60 MB (>99%) used,   318.26 KB ( <1%) free+waste,    91.81 KB ( <1%) overhead. 
      Class:      6.72 MB capacity,     6.44 MB ( 96%) used,   242.25 KB (  4%) free+waste,    39.19 KB ( <1%) overhead. 
       Both:     58.72 MB capacity,    58.04 MB ( 99%) used,   560.51 KB ( <1%) free+waste,   131.00 KB ( <1%) overhead. 

Virtual space:
  Non-class space:       52.00 MB reserved,      52.00 MB (100%) committed 
      Class space:        1.00 GB reserved,       6.75 MB ( <1%) committed 
             Both:        1.05 GB reserved,      58.75 MB (  5%) committed 

Chunk freelists:
   Non-Class:  0 bytes
       Class:  0 bytes
        Both:  0 bytes

MaxMetaspaceSize: 17179869184.00 GB
CompressedClassSpaceSize: 1.00 GB
Initial GC threshold: 20.80 MB
Current GC threshold: 58.75 MB
CDS: off

CodeHeap 'non-profiled nmethods': size=119168Kb used=3696Kb max_used=3696Kb free=115472Kb
 bounds [0x0000026347770000, 0x0000026347b10000, 0x000002634ebd0000]
CodeHeap 'profiled nmethods': size=119168Kb used=22421Kb max_used=22421Kb free=96746Kb
 bounds [0x0000026340310000, 0x0000026341900000, 0x0000026347770000]
CodeHeap 'non-nmethods': size=7424Kb used=2984Kb max_used=3050Kb free=4439Kb
 bounds [0x000002633fbd0000, 0x000002633fee0000, 0x0000026340310000]
 total_blobs=8673 nmethods=8094 adapters=485
 compilation: enabled
              stopped_count=0, restarted_count=0
 full_count=0

Compilation events (20 events):
Event: 6.003 Thread 0x000002635797f000 8224       3       java.lang.invoke.MethodHandleNatives$CallSiteContext::make (19 bytes)
Event: 6.003 Thread 0x00000263572dd800 8225       3       java.lang.invoke.MethodHandleNatives$CallSiteContext::<init> (5 bytes)
Event: 6.003 Thread 0x00000263572dd800 nmethod 8225 0x00000263418f0c10 code [0x00000263418f0dc0, 0x00000263418f0f18]
Event: 6.003 Thread 0x00000263572dd800 8226       3       jdk.internal.org.objectweb.asm.ClassWriter::visitEnd (1 bytes)
Event: 6.003 Thread 0x00000263572dd800 nmethod 8226 0x00000263418f1010 code [0x00000263418f11c0, 0x00000263418f12b8]
Event: 6.004 Thread 0x000002635797f000 nmethod 8224 0x00000263418f1390 code [0x00000263418f15a0, 0x00000263418f1bb8]
Event: 6.004 Thread 0x00000263572dd800 8227       3       java.lang.invoke.InfoFromMemberName::getName (8 bytes)
Event: 6.004 Thread 0x000002635797f000 8228       3       java.lang.invoke.InfoFromMemberName::getMethodType (8 bytes)
Event: 6.004 Thread 0x000002635797f000 nmethod 8228 0x00000263418f1e90 code [0x00000263418f2040, 0x00000263418f2168]
Event: 6.004 Thread 0x0000026357984800 nmethod 8218 0x00000263418f2210 code [0x00000263418f2560, 0x00000263418f3798]
Event: 6.004 Thread 0x0000026357984800 8229       3       java.lang.invoke.TypeConvertingMethodAdapter::<init> (8 bytes)
Event: 6.004 Thread 0x000002635797f000 8230       3       jdk.internal.org.objectweb.asm.MethodVisitor::visitCode (15 bytes)
Event: 6.004 Thread 0x000002635797f000 nmethod 8230 0x00000263418f4190 code [0x00000263418f4340, 0x00000263418f4528]
Event: 6.004 Thread 0x000002635797f000 8231       3       jdk.internal.org.objectweb.asm.MethodVisitor::visitMaxs (17 bytes)
Event: 6.004 Thread 0x0000026357984800 nmethod 8229 0x00000263418f4610 code [0x00000263418f47e0, 0x00000263418f4a18]
Event: 6.004 Thread 0x0000026357984800 8233       3       java.lang.invoke.InnerClassLambdaMetafactory::<init> (240 bytes)
Event: 6.004 Thread 0x00000263572dd800 nmethod 8227 0x00000263418f4b10 code [0x00000263418f4d00, 0x00000263418f50c8]
Event: 6.004 Thread 0x00000263572dd800 8237       3       java.lang.invoke.AbstractValidatingLambdaMetafactory::validateMetafactoryArgs (607 bytes)
Event: 6.004 Thread 0x000002635797f000 nmethod 8231 0x00000263418f5210 code [0x00000263418f53c0, 0x00000263418f55a8]
Event: 6.004 Thread 0x000002635797f000 8239       3       java.lang.invoke.AbstractValidatingLambdaMetafactory::checkDescriptor (133 bytes)

GC Heap History (17 events):
Event: 0.394 GC heap before
{Heap before GC invocations=0 (full 0):
 garbage-first heap   total 122880K, used 27648K [0x0000000089600000, 0x0000000100000000)
  region size 1024K, 24 young (24576K), 0 survivors (0K)
 Metaspace       used 12030K, capacity 12146K, committed 12416K, reserved 1060864K
  class space    used 1075K, capacity 1109K, committed 1152K, reserved 1048576K
}
Event: 0.397 GC heap after
{Heap after GC invocations=1 (full 0):
 garbage-first heap   total 122880K, used 6204K [0x0000000089600000, 0x0000000100000000)
  region size 1024K, 3 young (3072K), 3 survivors (3072K)
 Metaspace       used 12030K, capacity 12146K, committed 12416K, reserved 1060864K
  class space    used 1075K, capacity 1109K, committed 1152K, reserved 1048576K
}
Event: 0.862 GC heap before
{Heap before GC invocations=1 (full 0):
 garbage-first heap   total 122880K, used 45116K [0x0000000089600000, 0x0000000100000000)
  region size 1024K, 42 young (43008K), 3 survivors (3072K)
 Metaspace       used 21072K, capacity 21247K, committed 21296K, reserved 1069056K
  class space    used 2202K, capacity 2301K, committed 2304K, reserved 1048576K
}
Event: 0.872 GC heap after
{Heap after GC invocations=2 (full 0):
 garbage-first heap   total 122880K, used 9681K [0x0000000089600000, 0x0000000100000000)
  region size 1024K, 7 young (7168K), 7 survivors (7168K)
 Metaspace       used 21072K, capacity 21247K, committed 21296K, reserved 1069056K
  class space    used 2202K, capacity 2301K, committed 2304K, reserved 1048576K
}
Event: 1.562 GC heap before
{Heap before GC invocations=3 (full 0):
 garbage-first heap   total 122880K, used 67025K [0x0000000089600000, 0x0000000100000000)
  region size 1024K, 58 young (59392K), 7 survivors (7168K)
 Metaspace       used 32805K, capacity 33260K, committed 33536K, reserved 1079296K
  class space    used 4081K, capacity 4276K, committed 4352K, reserved 1048576K
}
Event: 1.584 GC heap after
{Heap after GC invocations=4 (full 0):
 garbage-first heap   total 122880K, used 21263K [0x0000000089600000, 0x0000000100000000)
  region size 1024K, 8 young (8192K), 8 survivors (8192K)
 Metaspace       used 32805K, capacity 33260K, committed 33536K, reserved 1079296K
  class space    used 4081K, capacity 4276K, committed 4352K, reserved 1048576K
}
Event: 1.717 GC heap before
{Heap before GC invocations=4 (full 0):
 garbage-first heap   total 122880K, used 32527K [0x0000000089600000, 0x0000000100000000)
  region size 1024K, 20 young (20480K), 8 survivors (8192K)
 Metaspace       used 35341K, capacity 35756K, committed 35840K, reserved 1081344K
  class space    used 4352K, capacity 4532K, committed 4608K, reserved 1048576K
}
Event: 1.730 GC heap after
{Heap after GC invocations=5 (full 0):
 garbage-first heap   total 122880K, used 22763K [0x0000000089600000, 0x0000000100000000)
  region size 1024K, 2 young (2048K), 2 survivors (2048K)
 Metaspace       used 35341K, capacity 35756K, committed 35840K, reserved 1081344K
  class space    used 4352K, capacity 4532K, committed 4608K, reserved 1048576K
}
Event: 2.186 GC heap before
{Heap before GC invocations=6 (full 0):
 garbage-first heap   total 122880K, used 64747K [0x0000000089600000, 0x0000000100000000)
  region size 1024K, 43 young (44032K), 2 survivors (2048K)
 Metaspace       used 43275K, capacity 43753K, committed 44032K, reserved 1087488K
  class space    used 5127K, capacity 5316K, committed 5376K, reserved 1048576K
}
Event: 2.195 GC heap after
{Heap after GC invocations=7 (full 0):
 garbage-first heap   total 165888K, used 24565K [0x0000000089600000, 0x0000000100000000)
  region size 1024K, 6 young (6144K), 6 survivors (6144K)
 Metaspace       used 43275K, capacity 43753K, committed 44032K, reserved 1087488K
  class space    used 5127K, capacity 5316K, committed 5376K, reserved 1048576K
}
Event: 2.942 GC heap before
{Heap before GC invocations=7 (full 0):
 garbage-first heap   total 165888K, used 90101K [0x0000000089600000, 0x0000000100000000)
  region size 1024K, 67 young (68608K), 6 survivors (6144K)
 Metaspace       used 50087K, capacity 50653K, committed 50944K, reserved 1093632K
  class space    used 5808K, capacity 6026K, committed 6144K, reserved 1048576K
}
Event: 2.957 GC heap after
{Heap after GC invocations=8 (full 0):
 garbage-first heap   total 165888K, used 31728K [0x0000000089600000, 0x0000000100000000)
  region size 1024K, 9 young (9216K), 9 survivors (9216K)
 Metaspace       used 50087K, capacity 50653K, committed 50944K, reserved 1093632K
  class space    used 5808K, capacity 6026K, committed 6144K, reserved 1048576K
}
Event: 4.250 GC heap before
{Heap before GC invocations=8 (full 0):
 garbage-first heap   total 165888K, used 106480K [0x0000000089600000, 0x0000000100000000)
  region size 1024K, 82 young (83968K), 9 survivors (9216K)
 Metaspace       used 53413K, capacity 54003K, committed 54144K, reserved 1097728K
  class space    used 6003K, capacity 6239K, committed 6272K, reserved 1048576K
}
Event: 4.280 GC heap after
{Heap after GC invocations=9 (full 0):
 garbage-first heap   total 165888K, used 45140K [0x0000000089600000, 0x0000000100000000)
  region size 1024K, 11 young (11264K), 11 survivors (11264K)
 Metaspace       used 53413K, capacity 54003K, committed 54144K, reserved 1097728K
  class space    used 6003K, capacity 6239K, committed 6272K, reserved 1048576K
}
Event: 5.239 GC heap before
{Heap before GC invocations=9 (full 0):
 garbage-first heap   total 165888K, used 107604K [0x0000000089600000, 0x0000000100000000)
  region size 1024K, 72 young (73728K), 11 survivors (11264K)
 Metaspace       used 57233K, capacity 57861K, committed 58112K, reserved 1101824K
  class space    used 6411K, capacity 6649K, committed 6656K, reserved 1048576K
}
Event: 5.269 GC heap after
{Heap after GC invocations=10 (full 0):
 garbage-first heap   total 165888K, used 49152K [0x0000000089600000, 0x0000000100000000)
  region size 1024K, 3 young (3072K), 3 survivors (3072K)
 Metaspace       used 57233K, capacity 57861K, committed 58112K, reserved 1101824K
  class space    used 6411K, capacity 6649K, committed 6656K, reserved 1048576K
}
Event: 6.006 GC heap before
{Heap before GC invocations=10 (full 0):
 garbage-first heap   total 165888K, used 63488K [0x0000000089600000, 0x0000000100000000)
  region size 1024K, 18 young (18432K), 3 survivors (3072K)
 Metaspace       used 59437K, capacity 60129K, committed 60160K, reserved 1101824K
  class space    used 6599K, capacity 6881K, committed 6912K, reserved 1048576K
}

Deoptimization events (20 events):
Event: 5.870 Thread 0x0000026339f9e000 Uncommon trap: trap_request=0xffffffcc fr.pc=0x0000026347aff654 relative=0x0000000000000314
Event: 5.870 Thread 0x0000026339f9e000 Uncommon trap: reason=intrinsic_or_type_checked_inlining action=make_not_entrant pc=0x0000026347aff654 method=java.util.ArrayList.toArray([Ljava/lang/Object;)[Ljava/lang/Object; @ 36 c2
Event: 5.870 Thread 0x0000026339f9e000 DEOPT PACKING pc=0x0000026347aff654 sp=0x000000fe1faf7920
Event: 5.870 Thread 0x0000026339f9e000 DEOPT UNPACKING pc=0x000002633fc1a1af sp=0x000000fe1faf78f0 mode 2
Event: 5.886 Thread 0x0000026339f9e000 Uncommon trap: trap_request=0xffffff6e fr.pc=0x0000026347af2e40 relative=0x0000000000000860
Event: 5.886 Thread 0x0000026339f9e000 Uncommon trap: reason=speculate_class_check action=maybe_recompile pc=0x0000026347af2e40 method=org.jetbrains.kotlin.types.checker.ClassicTypeSystemContext$DefaultImpls.asSimpleType(Lorg/jetbrains/kotlin/types/checker/ClassicTypeSystemContext;Lorg/jetbrai
Event: 5.886 Thread 0x0000026339f9e000 DEOPT PACKING pc=0x0000026347af2e40 sp=0x000000fe1fafbf50
Event: 5.886 Thread 0x0000026339f9e000 DEOPT UNPACKING pc=0x000002633fc1a1af sp=0x000000fe1fafbcb0 mode 2
Event: 5.886 Thread 0x0000026339f9e000 Uncommon trap: trap_request=0xffffff6e fr.pc=0x0000026347af2e40 relative=0x0000000000000860
Event: 5.886 Thread 0x0000026339f9e000 Uncommon trap: reason=speculate_class_check action=maybe_recompile pc=0x0000026347af2e40 method=org.jetbrains.kotlin.types.checker.ClassicTypeSystemContext$DefaultImpls.asSimpleType(Lorg/jetbrains/kotlin/types/checker/ClassicTypeSystemContext;Lorg/jetbrai
Event: 5.886 Thread 0x0000026339f9e000 DEOPT PACKING pc=0x0000026347af2e40 sp=0x000000fe1fafbf50
Event: 5.886 Thread 0x0000026339f9e000 DEOPT UNPACKING pc=0x000002633fc1a1af sp=0x000000fe1fafbcb0 mode 2
Event: 5.886 Thread 0x0000026339f9e000 Uncommon trap: trap_request=0xffffff6e fr.pc=0x0000026347af2e40 relative=0x0000000000000860
Event: 5.886 Thread 0x0000026339f9e000 Uncommon trap: reason=speculate_class_check action=maybe_recompile pc=0x0000026347af2e40 method=org.jetbrains.kotlin.types.checker.ClassicTypeSystemContext$DefaultImpls.asSimpleType(Lorg/jetbrains/kotlin/types/checker/ClassicTypeSystemContext;Lorg/jetbrai
Event: 5.886 Thread 0x0000026339f9e000 DEOPT PACKING pc=0x0000026347af2e40 sp=0x000000fe1fafbf50
Event: 5.886 Thread 0x0000026339f9e000 DEOPT UNPACKING pc=0x000002633fc1a1af sp=0x000000fe1fafbcb0 mode 2
Event: 5.886 Thread 0x0000026339f9e000 Uncommon trap: trap_request=0xffffff6e fr.pc=0x0000026347af2e40 relative=0x0000000000000860
Event: 5.886 Thread 0x0000026339f9e000 Uncommon trap: reason=speculate_class_check action=maybe_recompile pc=0x0000026347af2e40 method=org.jetbrains.kotlin.types.checker.ClassicTypeSystemContext$DefaultImpls.asSimpleType(Lorg/jetbrains/kotlin/types/checker/ClassicTypeSystemContext;Lorg/jetbrai
Event: 5.886 Thread 0x0000026339f9e000 DEOPT PACKING pc=0x0000026347af2e40 sp=0x000000fe1fafbf50
Event: 5.886 Thread 0x0000026339f9e000 DEOPT UNPACKING pc=0x000002633fc1a1af sp=0x000000fe1fafbcb0 mode 2

Classes redefined (0 events):
No events

Internal exceptions (20 events):
Event: 1.755 Thread 0x0000026339f9e000 Exception <a 'java/lang/NoSuchMethodError'{0x0000000090c3c078}: 'java.lang.Object java.lang.invoke.DirectMethodHandle$Holder.invokeVirtual(java.lang.Object, java.lang.Object, java.lang.Object)'> (0x0000000090c3c078) thrown at [./src/hotspot/share/interpreter/linkResolver.cpp, line 773]
Event: 2.209 Thread 0x0000026339f9e000 Exception <a 'java/lang/NoSuchMethodError'{0x00000000937a0240}: 'java.lang.Object java.lang.invoke.Invokers$Holder.linkToTargetMethod(java.lang.Object, int, java.lang.Object)'> (0x00000000937a0240) thrown at [./src/hotspot/share/interpreter/linkResolver.cpp, line 773]
Event: 2.312 Thread 0x0000026339f9e000 Exception <a 'java/lang/NoSuchMethodError'{0x0000000093223880}: 'java.lang.Object java.lang.invoke.DirectMethodHandle$Holder.invokeStatic(java.lang.Object, java.lang.Object, java.lang.Object, int)'> (0x0000000093223880) thrown at [./src/hotspot/share/interpreter/linkResolver.cpp, line 773]
Event: 2.312 Thread 0x0000026339f9e000 Exception <a 'java/lang/NoSuchMethodError'{0x00000000932274f0}: 'java.lang.Object java.lang.invoke.DirectMethodHandle$Holder.invokeSpecial(java.lang.Object, java.lang.Object, java.lang.Object, java.lang.Object, int)'> (0x00000000932274f0) thrown at [./src/hotspot/share/interpreter/linkResolver.cpp, line 773]
Event: 2.312 Thread 0x0000026339f9e000 Exception <a 'java/lang/NoSuchMethodError'{0x000000009322a800}: 'java.lang.Object java.lang.invoke.Invokers$Holder.linkToTargetMethod(java.lang.Object, java.lang.Object, int, java.lang.Object)'> (0x000000009322a800) thrown at [./src/hotspot/share/interpreter/linkResolver.cpp, line 773]
Event: 3.451 Thread 0x0000026339f9e000 Exception <a 'java/lang/NoSuchMethodError'{0x0000000092500078}: 'int java.lang.invoke.DirectMethodHandle$Holder.invokeInterface(java.lang.Object, java.lang.Object)'> (0x0000000092500078) thrown at [./src/hotspot/share/interpreter/linkResolver.cpp, line 773]
Event: 3.574 Thread 0x0000026339f9e000 Exception <a 'java/lang/NoSuchMethodError'{0x0000000092161fb8}: 'java.lang.Object java.lang.invoke.DirectMethodHandle$Holder.invokeStaticInit(java.lang.Object, java.lang.Object, java.lang.Object)'> (0x0000000092161fb8) thrown at [./src/hotspot/share/interpreter/linkResolver.cpp, line 773]
Event: 4.426 Thread 0x0000026339f9e000 Exception <a 'java/lang/NoSuchMethodError'{0x0000000090a27080}: 'java.lang.Object java.lang.invoke.Invokers$Holder.linkToTargetMethod(java.lang.Object, java.lang.Object, java.lang.Object, int, int, java.lang.Object)'> (0x0000000090a27080) thrown at [./src/hotspot/share/interpreter/linkResolver.cpp, line 773]
Event: 4.446 Thread 0x0000026339f9e000 Implicit null exception at 0x00000263479f2599 to 0x00000263479f297f
Event: 4.469 Thread 0x0000026339f9e000 Exception <a 'java/lang/NoSuchMethodError'{0x00000000909fb6e0}: 'java.lang.Object java.lang.invoke.Invokers$Holder.linkToTargetMethod(java.lang.Object, java.lang.Object, java.lang.Object, java.lang.Object, java.lang.Object, java.lang.Object)'> (0x00000000909fb6e0) thrown at [./src/hotspot/share/interpreter/linkResolver.cpp, line 773]
Event: 4.472 Thread 0x0000026339f9e000 Implicit null exception at 0x000002634797a082 to 0x000002634797a2dc
Event: 4.521 Thread 0x0000026339f9e000 Implicit null exception at 0x0000026347813ef5 to 0x00000263478140b8
Event: 4.591 Thread 0x0000026339f9e000 Implicit null exception at 0x000002634791714c to 0x0000026347917228
Event: 4.946 Thread 0x0000026339f9e000 Implicit null exception at 0x00000263477d72de to 0x00000263477d7a8e
Event: 4.946 Thread 0x0000026339f9e000 Implicit null exception at 0x00000263477da3af to 0x00000263477da41d
Event: 5.303 Thread 0x0000026339f9e000 Exception <a 'java/lang/NoSuchMethodError'{0x00000000936098a0}: 'java.lang.Object java.lang.invoke.DirectMethodHandle$Holder.invokeStatic(java.lang.Object, int, java.lang.Object, java.lang.Object)'> (0x00000000936098a0) thrown at [./src/hotspot/share/interpreter/linkResolver.cpp, line 773]
Event: 5.342 Thread 0x0000026339f9e000 Exception <a 'java/lang/NoSuchMethodError'{0x0000000093519210}: 'java.lang.Object java.lang.invoke.DirectMethodHandle$Holder.invokeInterface(java.lang.Object, java.lang.Object, java.lang.Object)'> (0x0000000093519210) thrown at [./src/hotspot/share/interpreter/linkResolver.cpp, line 773]
Event: 5.342 Thread 0x0000026339f9e000 Exception <a 'java/lang/IncompatibleClassChangeError'{0x000000009351c440}: Found class java.lang.Object, but interface was expected> (0x000000009351c440) thrown at [./src/hotspot/share/interpreter/linkResolver.cpp, line 839]
Event: 5.739 Thread 0x0000026339f9e000 Exception <a 'java/lang/NoSuchMethodError'{0x00000000930e20b8}: 'java.lang.Object java.lang.invoke.Invokers$Holder.linkToTargetMethod(java.lang.Object, java.lang.Object, java.lang.Object, java.lang.Object, java.lang.Object, java.lang.Object, java.lang.Object)'> (0x00000000930e20b8) thrown at [./src/hotspot/share/interpreter/linkResolver.cpp, line 773]
Event: 5.754 Thread 0x0000026339f9e000 Implicit null exception at 0x00000263479d505c to 0x00000263479d5984

Events (20 events):
Event: 6.003 loading class org/jetbrains/kotlin/com/intellij/lang/ASTNode done
Event: 6.004 loading class org/jetbrains/kotlin/com/intellij/lang/ASTNode
Event: 6.004 loading class org/jetbrains/kotlin/com/intellij/lang/ASTNode done
Event: 6.004 loading class org/jetbrains/kotlin/com/intellij/lang/ASTNode
Event: 6.004 loading class org/jetbrains/kotlin/com/intellij/lang/ASTNode done
Event: 6.004 loading class org/jetbrains/kotlin/com/intellij/lang/ASTNode
Event: 6.004 loading class org/jetbrains/kotlin/com/intellij/lang/ASTNode done
Event: 6.005 loading class org/jetbrains/kotlin/com/intellij/lang/ASTNode
Event: 6.005 loading class org/jetbrains/kotlin/com/intellij/lang/ASTNode done
Event: 6.005 loading class org/jetbrains/kotlin/com/intellij/lang/ASTNode
Event: 6.005 loading class org/jetbrains/kotlin/com/intellij/lang/ASTNode done
Event: 6.005 loading class org/jetbrains/kotlin/com/intellij/lang/ASTNode
Event: 6.005 loading class org/jetbrains/kotlin/com/intellij/lang/ASTNode done
Event: 6.005 loading class org/jetbrains/kotlin/com/intellij/lang/ASTNode
Event: 6.005 loading class org/jetbrains/kotlin/com/intellij/lang/ASTNode done
Event: 6.005 loading class org/jetbrains/kotlin/com/intellij/lang/ASTNode
Event: 6.005 loading class org/jetbrains/kotlin/com/intellij/lang/ASTNode done
Event: 6.005 loading class org/jetbrains/kotlin/com/intellij/lang/ASTNode
Event: 6.005 loading class org/jetbrains/kotlin/com/intellij/lang/ASTNode done
Event: 6.006 Executing VM operation: CollectForMetadataAllocation


Dynamic libraries:
0x00007ff6d8cf0000 - 0x00007ff6d8cfa000 	C:\Program Files\Android\Android Studio\jre\bin\java.exe
0x00007ff9de7b0000 - 0x00007ff9de9c4000 	C:\WINDOWS\SYSTEM32\ntdll.dll
0x00007ff9dd1f0000 - 0x00007ff9dd2b4000 	C:\WINDOWS\System32\KERNEL32.DLL
0x00007ff9dc190000 - 0x00007ff9dc534000 	C:\WINDOWS\System32\KERNELBASE.dll
0x00007ff9dbf50000 - 0x00007ff9dc061000 	C:\WINDOWS\System32\ucrtbase.dll
0x00007ff984640000 - 0x00007ff984659000 	C:\Program Files\Android\Android Studio\jre\bin\jli.dll
0x00007ff984620000 - 0x00007ff984637000 	C:\Program Files\Android\Android Studio\jre\bin\VCRUNTIME140.dll
0x00007ff9de180000 - 0x00007ff9de32e000 	C:\WINDOWS\System32\USER32.dll
0x00007ff9d34c0000 - 0x00007ff9d3753000 	C:\WINDOWS\WinSxS\amd64_microsoft.windows.common-controls_6595b64144ccf1df_6.0.22621.2215_none_270d72677387dfc3\COMCTL32.dll
0x00007ff9dbb60000 - 0x00007ff9dbb86000 	C:\WINDOWS\System32\win32u.dll
0x00007ff9dcf80000 - 0x00007ff9dd027000 	C:\WINDOWS\System32\msvcrt.dll
0x00007ff9dc8b0000 - 0x00007ff9dc8d9000 	C:\WINDOWS\System32\GDI32.dll
0x00007ff9dc070000 - 0x00007ff9dc188000 	C:\WINDOWS\System32\gdi32full.dll
0x00007ff9dbeb0000 - 0x00007ff9dbf4a000 	C:\WINDOWS\System32\msvcp_win.dll
0x00007ff9ddd10000 - 0x00007ff9ddd41000 	C:\WINDOWS\System32\IMM32.DLL
0x00007ff96c010000 - 0x00007ff96c0ad000 	C:\Program Files\Android\Android Studio\jre\bin\msvcp140.dll
0x00007ff96d5f0000 - 0x00007ff96e0d5000 	C:\Program Files\Android\Android Studio\jre\bin\server\jvm.dll
0x00007ff9de330000 - 0x00007ff9de3e0000 	C:\WINDOWS\System32\ADVAPI32.dll
0x00007ff9dced0000 - 0x00007ff9dcf76000 	C:\WINDOWS\System32\sechost.dll
0x00007ff9ddec0000 - 0x00007ff9ddfd7000 	C:\WINDOWS\System32\RPCRT4.dll
0x00007ff9dc5f0000 - 0x00007ff9dc5f8000 	C:\WINDOWS\System32\PSAPI.DLL
0x00007ff9d4330000 - 0x00007ff9d4339000 	C:\WINDOWS\SYSTEM32\WSOCK32.dll
0x00007ff9d27e0000 - 0x00007ff9d2814000 	C:\WINDOWS\SYSTEM32\WINMM.dll
0x00007ff9dd460000 - 0x00007ff9dd4d1000 	C:\WINDOWS\System32\WS2_32.dll
0x00007ff9d2820000 - 0x00007ff9d282a000 	C:\WINDOWS\SYSTEM32\VERSION.dll
0x00007ff9dab80000 - 0x00007ff9dab98000 	C:\WINDOWS\SYSTEM32\kernel.appcore.dll
0x00007ff9d4290000 - 0x00007ff9d42a1000 	C:\Program Files\Android\Android Studio\jre\bin\verify.dll
0x00007ff9d93a0000 - 0x00007ff9d95ce000 	C:\WINDOWS\SYSTEM32\DBGHELP.DLL
0x00007ff9de3e0000 - 0x00007ff9de76a000 	C:\WINDOWS\System32\combase.dll
0x00007ff9ddde0000 - 0x00007ff9ddeb7000 	C:\WINDOWS\System32\OLEAUT32.dll
0x00007ff9d0640000 - 0x00007ff9d0672000 	C:\WINDOWS\SYSTEM32\dbgcore.DLL
0x00007ff9dbe30000 - 0x00007ff9dbeaa000 	C:\WINDOWS\System32\bcryptPrimitives.dll
0x00007ff9c9d40000 - 0x00007ff9c9d69000 	C:\Program Files\Android\Android Studio\jre\bin\java.dll
0x00007ff9d1460000 - 0x00007ff9d146b000 	C:\Program Files\Android\Android Studio\jre\bin\jimage.dll
0x00007ff9d0ec0000 - 0x00007ff9d0ed8000 	C:\Program Files\Android\Android Studio\jre\bin\zip.dll
0x00007ff9dd4e0000 - 0x00007ff9ddd03000 	C:\WINDOWS\System32\SHELL32.dll
0x00007ff9d9aa0000 - 0x00007ff9da38a000 	C:\WINDOWS\SYSTEM32\windows.storage.dll
0x00007ff9d9960000 - 0x00007ff9d9a9e000 	C:\WINDOWS\SYSTEM32\wintypes.dll
0x00007ff9dc7b0000 - 0x00007ff9dc8a3000 	C:\WINDOWS\System32\SHCORE.dll
0x00007ff9dce70000 - 0x00007ff9dcece000 	C:\WINDOWS\System32\shlwapi.dll
0x00007ff9dba90000 - 0x00007ff9dbab6000 	C:\WINDOWS\SYSTEM32\profapi.dll
0x00007ff9c93d0000 - 0x00007ff9c93ea000 	C:\Program Files\Android\Android Studio\jre\bin\net.dll
0x00007ff9d62c0000 - 0x00007ff9d63f7000 	C:\WINDOWS\SYSTEM32\WINHTTP.dll
0x00007ff9db010000 - 0x00007ff9db079000 	C:\WINDOWS\system32\mswsock.dll
0x00007ff9c9150000 - 0x00007ff9c9164000 	C:\Program Files\Android\Android Studio\jre\bin\nio.dll

dbghelp: loaded successfully - version: 4.0.5 - missing functions: none
symbol engine: initialized successfully - sym options: 0x614 - pdb path: .;C:\Program Files\Android\Android Studio\jre\bin;C:\WINDOWS\SYSTEM32;C:\WINDOWS\WinSxS\amd64_microsoft.windows.common-controls_6595b64144ccf1df_6.0.22621.2215_none_270d72677387dfc3;C:\Program Files\Android\Android Studio\jre\bin\server

VM Arguments:
java_command: org.jetbrains.kotlin.cli.jvm.K2JVMCompiler @C:\Users\Novita Azka Maghfira\ukk\app\build\20231005_7752167402161053053.compiler.options
java_class_path (initial): C:\Users\Novita Azka Maghfira\.gradle\caches\modules-2\files-2.1\org.jetbrains.kotlin\kotlin-compiler-embeddable\1.7.10\909803167c98606fcf22b4c848647c68e351d48d\kotlin-compiler-embeddable-1.7.10.jar;C:\Users\Novita Azka Maghfira\.gradle\caches\modules-2\files-2.1\org.jetbrains.kotlin\kotlin-reflect\1.7.10\165e600dfea6185cf5efa700756294cc4904dbeb\kotlin-reflect-1.7.10.jar;C:\Users\Novita Azka Maghfira\.gradle\caches\modules-2\files-2.1\org.jetbrains.kotlin\kotlin-stdlib\1.7.10\d2abf9e77736acc4450dc4a3f707fa2c10f5099d\kotlin-stdlib-1.7.10.jar;C:\Users\Novita Azka Maghfira\.gradle\caches\modules-2\files-2.1\org.jetbrains.kotlin\kotlin-script-runtime\1.7.10\c99c87a6988d8fd8d5142e9ed5c9f34a7cf561ee\kotlin-script-runtime-1.7.10.jar;C:\Users\Novita Azka Maghfira\.gradle\caches\modules-2\files-2.1\org.jetbrains.kotlin\kotlin-daemon-embeddable\1.7.10\3a9f7aef7080d3ae63126cbba4f827ed664f32fa\kotlin-daemon-embeddable-1.7.10.jar;C:\Users\Novita Azka Maghfira\.gradle\caches\modules-2\files-2.1\org.jetbrains.intellij.deps\trove4j\1.0.20200330\3afb14d5f9ceb459d724e907a21145e8ff394f02\trove4j-1.0.20200330.jar;C:\Users\Novita Azka Maghfira\.gradle\caches\modules-2\files-2.1\net.java.dev.jna\jna\5.6.0\330f2244e9030119ab3030fc3fededc86713d9cc\jna-5.6.0.jar;C:\Users\Novita Azka Maghfira\.gradle\caches\modules-2\files-2.1\org.jetbrains.kotlin\kotlin-stdlib-common\1.7.10\bac80c520d0a9e3f3673bc2658c6ed02ef45a76a\kotlin-stdlib-common-1.7.10.jar;C:\Users\Novita Azka Maghfira\.gradle\caches\modules-2\files-2.1\org.jetbrains\annotations\13.0\919f0dfe192fb4e063e7dacadee7f8bb9a2672a9\annotations-13.0.jar
Launcher Type: SUN_STANDARD

[Global flags]
     intx CICompilerCount                          = 12                                        {product} {ergonomic}
     uint ConcGCThreads                            = 3                                         {product} {ergonomic}
     uint G1ConcRefinementThreads                  = 13                                        {product} {ergonomic}
   size_t G1HeapRegionSize                         = 1048576                                   {product} {ergonomic}
    uintx GCDrainStackTargetSize                   = 64                                        {product} {ergonomic}
   size_t InitialHeapSize                          = 125829120                                 {product} {ergonomic}
   size_t MarkStackSize                            = 4194304                                   {product} {ergonomic}
   size_t MaxHeapSize                              = 1990197248                                {product} {ergonomic}
   size_t MaxNewSize                               = 1193279488                                {product} {ergonomic}
   size_t MinHeapDeltaBytes                        = 1048576                                   {product} {ergonomic}
    uintx NonNMethodCodeHeapSize                   = 7594288                                {pd product} {ergonomic}
    uintx NonProfiledCodeHeapSize                  = 122031976                              {pd product} {ergonomic}
    uintx ProfiledCodeHeapSize                     = 122031976                              {pd product} {ergonomic}
    uintx ReservedCodeCacheSize                    = 251658240                              {pd product} {ergonomic}
     bool SegmentedCodeCache                       = true                                      {product} {ergonomic}
     bool UseCompressedClassPointers               = true                                 {lp64_product} {ergonomic}
     bool UseCompressedOops                        = true                                 {lp64_product} {ergonomic}
     bool UseG1GC                                  = true                                      {product} {ergonomic}
     bool UseLargePagesIndividualAllocation        = false                                  {pd product} {ergonomic}

Logging:
Log output configuration:
 #0: stdout all=warning uptime,level,tags
 #1: stderr all=off uptime,level,tags

Environment Variables:
PATH=C:\ProgramData\Oracle\Java\javapath;C:\Windows\system32;C:\Windows;C:\Windows\System32\Wbem;C:\Windows\System32\WindowsPowerShell\v1.0\;C:\Windows\System32\OpenSSH\;C:\Program Files (x86)\NVIDIA Corporation\PhysX\Common;C:\Program Files\NVIDIA Corporation\NVIDIA NvDLISR;C:\WINDOWS\system32;C:\WINDOWS;C:\WINDOWS\System32\Wbem;C:\WINDOWS\System32\WindowsPowerShell\v1.0\;C:\WINDOWS\System32\OpenSSH\;C:\Program Files\Git\cmd;C:\Program Files\dotnet\;C:\xampp\mysql\bin;;C:\Program Files\Docker\Docker\resources\bin;C:\Program Files\nodejs\;C:\Users\Novita Azka Maghfira\AppData\Local\Microsoft\WindowsApps;;C:\Users\Novita Azka Maghfira\AppData\Local\Programs\Microsoft VS Code\bin;C:\Users\Novita Azka Maghfira\AppData\Roaming\npm
USERNAME=Novita Azka Maghfira
OS=Windows_NT
PROCESSOR_IDENTIFIER=AMD64 Family 25 Model 80 Stepping 0, AuthenticAMD



---------------  S Y S T E M  ---------------

OS: Windows 10 , 64 bit Build 22621 (10.0.22621.2215)
OS uptime: 17 days 6:35 hours
Hyper-V role detected

CPU:total 16 (initial active 16) (16 cores per cpu, 2 threads per core) family 25 model 80 stepping 0 microcode 0x0, cmov, cx8, fxsr, mmx, sse, sse2, sse3, ssse3, sse4.1, sse4.2, popcnt, avx, avx2, aes, clmul, erms, mmxext, 3dnowpref, lzcnt, sse4a, ht, tsc, tscinvbit, tscinv, bmi1, bmi2, adx, sha, fma

Memory: 4k page, system-wide physical 7584M (398M free)
TotalPageFile size 20083M (AvailPageFile size 63M)
current process WorkingSet (physical memory assigned to process): 335M, peak: 335M
current process commit charge ("private bytes"): 392M, peak: 452M

vm_info: OpenJDK 64-Bit Server VM (11.0.12+7-b1504.28-7817840) for windows-amd64 JRE (11.0.12+7-b1504.28-7817840), built on Oct 13 2021 22:12:33 by "builder" with MS VC++ 14.0 (VS2015)

END.
